[0.128s] DEBUG:colcon:Command line arguments: ['/usr/bin/colcon', 'build', '--packages-select', 'my_custom_sender']
[0.128s] DEBUG:colcon:Parsed command line arguments: Namespace(allow_overriding=[], ament_cmake_args=None, base_paths=['.'], build_base='build', catkin_cmake_args=None, catkin_skip_building_tests=False, cmake_args=None, cmake_clean_cache=False, cmake_clean_first=False, cmake_force_configure=False, cmake_target=None, cmake_target_skip_unavailable=False, continue_on_error=False, event_handlers=None, executor='parallel', ignore_user_meta=False, install_base='install', log_base=None, log_level=None, main=<bound method BuildVerb.main of <colcon_core.verb.build.BuildVerb object at 0x7f2224b1ba90>>, merge_install=False, metas=['./colcon.meta'], packages_above=None, packages_above_and_dependencies=None, packages_above_depth=None, packages_end=None, packages_ignore=None, packages_ignore_regex=None, packages_select=['my_custom_sender'], packages_select_build_failed=False, packages_select_by_dep=None, packages_select_regex=None, packages_select_test_failures=False, packages_skip=None, packages_skip_build_finished=False, packages_skip_by_dep=None, packages_skip_regex=None, packages_skip_test_passed=False, packages_skip_up_to=None, packages_start=None, packages_up_to=None, packages_up_to_regex=None, parallel_workers=12, paths=None, symlink_install=False, test_result_base=None, verb_extension=<colcon_core.verb.build.BuildVerb object at 0x7f2224b1ba90>, verb_name='build', verb_parser=<colcon_defaults.argument_parser.defaults.DefaultArgumentsDecorator object at 0x7f2224b25040>)
[0.133s] Level 1:colcon.colcon_core.package_discovery:discover_packages(colcon_meta) check parameters
[0.133s] Level 1:colcon.colcon_core.package_discovery:discover_packages(recursive) check parameters
[0.133s] Level 1:colcon.colcon_core.package_discovery:discover_packages(ignore) check parameters
[0.133s] Level 1:colcon.colcon_core.package_discovery:discover_packages(path) check parameters
[0.134s] Level 1:colcon.colcon_core.package_discovery:discover_packages(colcon_meta) discover
[0.134s] Level 1:colcon.colcon_core.package_discovery:discover_packages(recursive) discover
[0.134s] INFO:colcon.colcon_core.package_discovery:Crawling recursively for packages in '/root/simple_bridge/ws_ros2'
[0.134s] Level 1:colcon.colcon_core.package_identification:_identify(.) by extensions ['ignore', 'ignore_ament_install']
[0.134s] Level 1:colcon.colcon_core.package_identification:_identify(.) by extension 'ignore'
[0.134s] Level 1:colcon.colcon_core.package_identification:_identify(.) by extension 'ignore_ament_install'
[0.134s] Level 1:colcon.colcon_core.package_identification:_identify(.) by extensions ['colcon_pkg']
[0.134s] Level 1:colcon.colcon_core.package_identification:_identify(.) by extension 'colcon_pkg'
[0.134s] Level 1:colcon.colcon_core.package_identification:_identify(.) by extensions ['colcon_meta']
[0.134s] Level 1:colcon.colcon_core.package_identification:_identify(.) by extension 'colcon_meta'
[0.134s] Level 1:colcon.colcon_core.package_identification:_identify(.) by extensions ['ros']
[0.134s] Level 1:colcon.colcon_core.package_identification:_identify(.) by extension 'ros'
[0.144s] Level 1:colcon.colcon_core.package_identification:_identify(.) by extensions ['cmake', 'python']
[0.144s] Level 1:colcon.colcon_core.package_identification:_identify(.) by extension 'cmake'
[0.144s] Level 1:colcon.colcon_core.package_identification:_identify(.) by extension 'python'
[0.144s] Level 1:colcon.colcon_core.package_identification:_identify(.) by extensions ['python_setup_py']
[0.144s] Level 1:colcon.colcon_core.package_identification:_identify(.) by extension 'python_setup_py'
[0.144s] Level 1:colcon.colcon_core.package_identification:_identify(build) by extensions ['ignore', 'ignore_ament_install']
[0.144s] Level 1:colcon.colcon_core.package_identification:_identify(build) by extension 'ignore'
[0.144s] Level 1:colcon.colcon_core.package_identification:_identify(build) ignored
[0.144s] Level 1:colcon.colcon_core.package_identification:_identify(install) by extensions ['ignore', 'ignore_ament_install']
[0.144s] Level 1:colcon.colcon_core.package_identification:_identify(install) by extension 'ignore'
[0.144s] Level 1:colcon.colcon_core.package_identification:_identify(install) ignored
[0.144s] Level 1:colcon.colcon_core.package_identification:_identify(log) by extensions ['ignore', 'ignore_ament_install']
[0.144s] Level 1:colcon.colcon_core.package_identification:_identify(log) by extension 'ignore'
[0.145s] Level 1:colcon.colcon_core.package_identification:_identify(log) ignored
[0.145s] Level 1:colcon.colcon_core.package_identification:_identify(src) by extensions ['ignore', 'ignore_ament_install']
[0.145s] Level 1:colcon.colcon_core.package_identification:_identify(src) by extension 'ignore'
[0.145s] Level 1:colcon.colcon_core.package_identification:_identify(src) by extension 'ignore_ament_install'
[0.145s] Level 1:colcon.colcon_core.package_identification:_identify(src) by extensions ['colcon_pkg']
[0.145s] Level 1:colcon.colcon_core.package_identification:_identify(src) by extension 'colcon_pkg'
[0.145s] Level 1:colcon.colcon_core.package_identification:_identify(src) by extensions ['colcon_meta']
[0.145s] Level 1:colcon.colcon_core.package_identification:_identify(src) by extension 'colcon_meta'
[0.145s] Level 1:colcon.colcon_core.package_identification:_identify(src) by extensions ['ros']
[0.145s] Level 1:colcon.colcon_core.package_identification:_identify(src) by extension 'ros'
[0.145s] Level 1:colcon.colcon_core.package_identification:_identify(src) by extensions ['cmake', 'python']
[0.145s] Level 1:colcon.colcon_core.package_identification:_identify(src) by extension 'cmake'
[0.145s] Level 1:colcon.colcon_core.package_identification:_identify(src) by extension 'python'
[0.145s] Level 1:colcon.colcon_core.package_identification:_identify(src) by extensions ['python_setup_py']
[0.145s] Level 1:colcon.colcon_core.package_identification:_identify(src) by extension 'python_setup_py'
[0.146s] Level 1:colcon.colcon_core.package_identification:_identify(src/my_custom_sender) by extensions ['ignore', 'ignore_ament_install']
[0.146s] Level 1:colcon.colcon_core.package_identification:_identify(src/my_custom_sender) by extension 'ignore'
[0.146s] Level 1:colcon.colcon_core.package_identification:_identify(src/my_custom_sender) by extension 'ignore_ament_install'
[0.146s] Level 1:colcon.colcon_core.package_identification:_identify(src/my_custom_sender) by extensions ['colcon_pkg']
[0.146s] Level 1:colcon.colcon_core.package_identification:_identify(src/my_custom_sender) by extension 'colcon_pkg'
[0.146s] Level 1:colcon.colcon_core.package_identification:_identify(src/my_custom_sender) by extensions ['colcon_meta']
[0.146s] Level 1:colcon.colcon_core.package_identification:_identify(src/my_custom_sender) by extension 'colcon_meta'
[0.146s] Level 1:colcon.colcon_core.package_identification:_identify(src/my_custom_sender) by extensions ['ros']
[0.146s] Level 1:colcon.colcon_core.package_identification:_identify(src/my_custom_sender) by extension 'ros'
[0.148s] DEBUG:colcon.colcon_core.package_identification:Package 'src/my_custom_sender' with type 'ros.ament_cmake' and name 'my_custom_sender'
[0.148s] Level 1:colcon.colcon_core.package_identification:_identify(src/ros2_bridge_support_pkg) by extensions ['ignore', 'ignore_ament_install']
[0.148s] Level 1:colcon.colcon_core.package_identification:_identify(src/ros2_bridge_support_pkg) by extension 'ignore'
[0.148s] Level 1:colcon.colcon_core.package_identification:_identify(src/ros2_bridge_support_pkg) by extension 'ignore_ament_install'
[0.148s] Level 1:colcon.colcon_core.package_identification:_identify(src/ros2_bridge_support_pkg) by extensions ['colcon_pkg']
[0.148s] Level 1:colcon.colcon_core.package_identification:_identify(src/ros2_bridge_support_pkg) by extension 'colcon_pkg'
[0.148s] Level 1:colcon.colcon_core.package_identification:_identify(src/ros2_bridge_support_pkg) by extensions ['colcon_meta']
[0.148s] Level 1:colcon.colcon_core.package_identification:_identify(src/ros2_bridge_support_pkg) by extension 'colcon_meta'
[0.148s] Level 1:colcon.colcon_core.package_identification:_identify(src/ros2_bridge_support_pkg) by extensions ['ros']
[0.148s] Level 1:colcon.colcon_core.package_identification:_identify(src/ros2_bridge_support_pkg) by extension 'ros'
[0.149s] DEBUG:colcon.colcon_core.package_identification:Package 'src/ros2_bridge_support_pkg' with type 'ros.ament_cmake' and name 'ros2_bridge_support_pkg'
[0.149s] Level 1:colcon.colcon_core.package_discovery:discover_packages(recursive) using defaults
[0.149s] Level 1:colcon.colcon_core.package_discovery:discover_packages(ignore) discover
[0.149s] Level 1:colcon.colcon_core.package_discovery:discover_packages(ignore) using defaults
[0.149s] Level 1:colcon.colcon_core.package_discovery:discover_packages(path) discover
[0.149s] Level 1:colcon.colcon_core.package_discovery:discover_packages(path) using defaults
[0.165s] INFO:colcon.colcon_core.package_selection:Skipping not selected package 'ros2_bridge_support_pkg' in 'src/ros2_bridge_support_pkg'
[0.165s] Level 5:colcon.colcon_core.verb:set package 'my_custom_sender' build argument 'cmake_args' from command line to 'None'
[0.165s] Level 5:colcon.colcon_core.verb:set package 'my_custom_sender' build argument 'cmake_target' from command line to 'None'
[0.165s] Level 5:colcon.colcon_core.verb:set package 'my_custom_sender' build argument 'cmake_target_skip_unavailable' from command line to 'False'
[0.165s] Level 5:colcon.colcon_core.verb:set package 'my_custom_sender' build argument 'cmake_clean_cache' from command line to 'False'
[0.165s] Level 5:colcon.colcon_core.verb:set package 'my_custom_sender' build argument 'cmake_clean_first' from command line to 'False'
[0.165s] Level 5:colcon.colcon_core.verb:set package 'my_custom_sender' build argument 'cmake_force_configure' from command line to 'False'
[0.165s] Level 5:colcon.colcon_core.verb:set package 'my_custom_sender' build argument 'ament_cmake_args' from command line to 'None'
[0.165s] Level 5:colcon.colcon_core.verb:set package 'my_custom_sender' build argument 'catkin_cmake_args' from command line to 'None'
[0.165s] Level 5:colcon.colcon_core.verb:set package 'my_custom_sender' build argument 'catkin_skip_building_tests' from command line to 'False'
[0.166s] DEBUG:colcon.colcon_core.verb:Building package 'my_custom_sender' with the following arguments: {'ament_cmake_args': None, 'build_base': '/root/simple_bridge/ws_ros2/build/my_custom_sender', 'catkin_cmake_args': None, 'catkin_skip_building_tests': False, 'cmake_args': None, 'cmake_clean_cache': False, 'cmake_clean_first': False, 'cmake_force_configure': False, 'cmake_target': None, 'cmake_target_skip_unavailable': False, 'install_base': '/root/simple_bridge/ws_ros2/install/my_custom_sender', 'merge_install': False, 'path': '/root/simple_bridge/ws_ros2/src/my_custom_sender', 'symlink_install': False, 'test_result_base': None}
[0.169s] INFO:colcon.colcon_core.executor:Executing jobs using 'parallel' executor
[0.171s] DEBUG:colcon.colcon_parallel_executor.executor.parallel:run_until_complete
[0.172s] INFO:colcon.colcon_ros.task.ament_cmake.build:Building ROS package in '/root/simple_bridge/ws_ros2/src/my_custom_sender' with build type 'ament_cmake'
[0.172s] INFO:colcon.colcon_cmake.task.cmake.build:Building CMake package in '/root/simple_bridge/ws_ros2/src/my_custom_sender'
[0.176s] INFO:colcon.colcon_core.plugin_system:Skipping extension 'colcon_core.shell.bat': Not used on non-Windows systems
[0.176s] INFO:colcon.colcon_core.shell:Skip shell extension 'powershell' for command environment: Not usable outside of PowerShell
[0.176s] DEBUG:colcon.colcon_core.shell:Skip shell extension 'dsv' for command environment
[0.188s] DEBUG:colcon.colcon_core.event_handler.log_command:Invoking command in '/root/simple_bridge/ws_ros2/build/my_custom_sender': CMAKE_PREFIX_PATH=${CMAKE_PREFIX_PATH}:/opt/ros/foxy /usr/bin/cmake /root/simple_bridge/ws_ros2/src/my_custom_sender -DCMAKE_INSTALL_PREFIX=/root/simple_bridge/ws_ros2/install/my_custom_sender
[1.533s] DEBUG:colcon.colcon_core.event_handler.log_command:Invoked command in '/root/simple_bridge/ws_ros2/build/my_custom_sender' returned '0': CMAKE_PREFIX_PATH=${CMAKE_PREFIX_PATH}:/opt/ros/foxy /usr/bin/cmake /root/simple_bridge/ws_ros2/src/my_custom_sender -DCMAKE_INSTALL_PREFIX=/root/simple_bridge/ws_ros2/install/my_custom_sender
[1.533s] DEBUG:colcon.colcon_core.event_handler.log_command:Invoking command in '/root/simple_bridge/ws_ros2/build/my_custom_sender': CMAKE_PREFIX_PATH=${CMAKE_PREFIX_PATH}:/opt/ros/foxy /usr/bin/cmake --build /root/simple_bridge/ws_ros2/build/my_custom_sender -- -j12 -l12
[4.092s] DEBUG:colcon.colcon_core.event_handler.log_command:Invoked command in '/root/simple_bridge/ws_ros2/build/my_custom_sender' returned '0': CMAKE_PREFIX_PATH=${CMAKE_PREFIX_PATH}:/opt/ros/foxy /usr/bin/cmake --build /root/simple_bridge/ws_ros2/build/my_custom_sender -- -j12 -l12
[4.120s] DEBUG:colcon.colcon_core.event_handler.log_command:Invoking command in '/root/simple_bridge/ws_ros2/build/my_custom_sender': CMAKE_PREFIX_PATH=${CMAKE_PREFIX_PATH}:/opt/ros/foxy /usr/bin/cmake --install /root/simple_bridge/ws_ros2/build/my_custom_sender
[4.131s] Level 1:colcon.colcon_core.environment:create_environment_scripts_only(my_custom_sender)
[4.132s] DEBUG:colcon.colcon_core.event_handler.log_command:Invoked command in '/root/simple_bridge/ws_ros2/build/my_custom_sender' returned '0': CMAKE_PREFIX_PATH=${CMAKE_PREFIX_PATH}:/opt/ros/foxy /usr/bin/cmake --install /root/simple_bridge/ws_ros2/build/my_custom_sender
[4.135s] Level 1:colcon.colcon_core.environment:checking '/root/simple_bridge/ws_ros2/install/my_custom_sender' for CMake module files
[4.135s] Level 1:colcon.colcon_core.environment:checking '/root/simple_bridge/ws_ros2/install/my_custom_sender' for CMake config files
[4.135s] Level 1:colcon.colcon_core.shell:create_environment_hook('my_custom_sender', 'cmake_prefix_path')
[4.136s] INFO:colcon.colcon_core.shell:Creating environment hook '/root/simple_bridge/ws_ros2/install/my_custom_sender/share/my_custom_sender/hook/cmake_prefix_path.ps1'
[4.136s] INFO:colcon.colcon_core.shell:Creating environment descriptor '/root/simple_bridge/ws_ros2/install/my_custom_sender/share/my_custom_sender/hook/cmake_prefix_path.dsv'
[4.136s] INFO:colcon.colcon_core.shell:Creating environment hook '/root/simple_bridge/ws_ros2/install/my_custom_sender/share/my_custom_sender/hook/cmake_prefix_path.sh'
[4.137s] Level 1:colcon.colcon_core.environment:checking '/root/simple_bridge/ws_ros2/install/my_custom_sender/lib'
[4.137s] Level 1:colcon.colcon_core.environment:checking '/root/simple_bridge/ws_ros2/install/my_custom_sender/bin'
[4.137s] Level 1:colcon.colcon_core.environment:checking '/root/simple_bridge/ws_ros2/install/my_custom_sender/lib/pkgconfig/my_custom_sender.pc'
[4.138s] Level 1:colcon.colcon_core.environment:checking '/root/simple_bridge/ws_ros2/install/my_custom_sender/lib/python3.8/site-packages'
[4.138s] INFO:colcon.colcon_core.shell:Creating package script '/root/simple_bridge/ws_ros2/install/my_custom_sender/share/my_custom_sender/package.ps1'
[4.139s] INFO:colcon.colcon_core.shell:Creating package descriptor '/root/simple_bridge/ws_ros2/install/my_custom_sender/share/my_custom_sender/package.dsv'
[4.139s] INFO:colcon.colcon_core.shell:Creating package script '/root/simple_bridge/ws_ros2/install/my_custom_sender/share/my_custom_sender/package.sh'
[4.140s] INFO:colcon.colcon_core.shell:Creating package script '/root/simple_bridge/ws_ros2/install/my_custom_sender/share/my_custom_sender/package.bash'
[4.141s] INFO:colcon.colcon_core.shell:Creating package script '/root/simple_bridge/ws_ros2/install/my_custom_sender/share/my_custom_sender/package.zsh'
[4.141s] Level 1:colcon.colcon_core.environment:create_file_with_runtime_dependencies(/root/simple_bridge/ws_ros2/install/my_custom_sender/share/colcon-core/packages/my_custom_sender)
[4.161s] Level 1:colcon.colcon_core.environment:create_environment_scripts_only(my_custom_sender)
[4.162s] Level 1:colcon.colcon_core.environment:checking '/root/simple_bridge/ws_ros2/install/my_custom_sender' for CMake module files
[4.162s] Level 1:colcon.colcon_core.environment:checking '/root/simple_bridge/ws_ros2/install/my_custom_sender' for CMake config files
[4.163s] Level 1:colcon.colcon_core.shell:create_environment_hook('my_custom_sender', 'cmake_prefix_path')
[4.163s] INFO:colcon.colcon_core.shell:Creating environment hook '/root/simple_bridge/ws_ros2/install/my_custom_sender/share/my_custom_sender/hook/cmake_prefix_path.ps1'
[4.163s] INFO:colcon.colcon_core.shell:Creating environment descriptor '/root/simple_bridge/ws_ros2/install/my_custom_sender/share/my_custom_sender/hook/cmake_prefix_path.dsv'
[4.164s] INFO:colcon.colcon_core.shell:Creating environment hook '/root/simple_bridge/ws_ros2/install/my_custom_sender/share/my_custom_sender/hook/cmake_prefix_path.sh'
[4.164s] Level 1:colcon.colcon_core.environment:checking '/root/simple_bridge/ws_ros2/install/my_custom_sender/lib'
[4.164s] Level 1:colcon.colcon_core.environment:checking '/root/simple_bridge/ws_ros2/install/my_custom_sender/bin'
[4.164s] Level 1:colcon.colcon_core.environment:checking '/root/simple_bridge/ws_ros2/install/my_custom_sender/lib/pkgconfig/my_custom_sender.pc'
[4.164s] Level 1:colcon.colcon_core.environment:checking '/root/simple_bridge/ws_ros2/install/my_custom_sender/lib/python3.8/site-packages'
[4.165s] INFO:colcon.colcon_core.shell:Creating package script '/root/simple_bridge/ws_ros2/install/my_custom_sender/share/my_custom_sender/package.ps1'
[4.165s] INFO:colcon.colcon_core.shell:Creating package descriptor '/root/simple_bridge/ws_ros2/install/my_custom_sender/share/my_custom_sender/package.dsv'
[4.166s] INFO:colcon.colcon_core.shell:Creating package script '/root/simple_bridge/ws_ros2/install/my_custom_sender/share/my_custom_sender/package.sh'
[4.166s] INFO:colcon.colcon_core.shell:Creating package script '/root/simple_bridge/ws_ros2/install/my_custom_sender/share/my_custom_sender/package.bash'
[4.166s] INFO:colcon.colcon_core.shell:Creating package script '/root/simple_bridge/ws_ros2/install/my_custom_sender/share/my_custom_sender/package.zsh'
[4.166s] Level 1:colcon.colcon_core.environment:create_file_with_runtime_dependencies(/root/simple_bridge/ws_ros2/install/my_custom_sender/share/colcon-core/packages/my_custom_sender)
[4.167s] DEBUG:colcon.colcon_parallel_executor.executor.parallel:closing loop
[4.167s] DEBUG:colcon.colcon_parallel_executor.executor.parallel:loop closed
[4.167s] DEBUG:colcon.colcon_parallel_executor.executor.parallel:run_until_complete finished with '0'
[4.168s] DEBUG:colcon.colcon_core.event_reactor:joining thread
[4.172s] INFO:colcon.colcon_core.plugin_system:Skipping extension 'colcon_notification.desktop_notification.notify_send': Could not find 'notify-send'
[4.172s] INFO:colcon.colcon_core.plugin_system:Skipping extension 'colcon_notification.desktop_notification.terminal_notifier': Not used on non-Darwin systems
[4.172s] INFO:colcon.colcon_core.plugin_system:Skipping extension 'colcon_notification.desktop_notification.win32': Not used on non-Windows systems
[4.172s] INFO:colcon.colcon_notification.desktop_notification:Sending desktop notification using 'notify2'
[4.177s] DEBUG:colcon.colcon_notification.desktop_notification.notify2:Failed to initialize notify2: org.freedesktop.DBus.Error.ServiceUnknown: The name org.freedesktop.Notifications was not provided by any .service files
[4.177s] DEBUG:colcon.colcon_core.event_reactor:joined thread
[4.178s] INFO:colcon.colcon_core.shell:Creating prefix script '/root/simple_bridge/ws_ros2/install/local_setup.ps1'
[4.179s] INFO:colcon.colcon_core.shell:Creating prefix util module '/root/simple_bridge/ws_ros2/install/_local_setup_util_ps1.py'
[4.180s] INFO:colcon.colcon_core.shell:Creating prefix chain script '/root/simple_bridge/ws_ros2/install/setup.ps1'
[4.181s] INFO:colcon.colcon_core.shell:Creating prefix script '/root/simple_bridge/ws_ros2/install/local_setup.sh'
[4.182s] INFO:colcon.colcon_core.shell:Creating prefix util module '/root/simple_bridge/ws_ros2/install/_local_setup_util_sh.py'
[4.182s] INFO:colcon.colcon_core.shell:Creating prefix chain script '/root/simple_bridge/ws_ros2/install/setup.sh'
[4.183s] INFO:colcon.colcon_core.shell:Creating prefix script '/root/simple_bridge/ws_ros2/install/local_setup.bash'
[4.183s] INFO:colcon.colcon_core.shell:Creating prefix chain script '/root/simple_bridge/ws_ros2/install/setup.bash'
[4.184s] INFO:colcon.colcon_core.shell:Creating prefix script '/root/simple_bridge/ws_ros2/install/local_setup.zsh'
[4.184s] INFO:colcon.colcon_core.shell:Creating prefix chain script '/root/simple_bridge/ws_ros2/install/setup.zsh'
