-- The C compiler identification is GNU 9.3.0
-- The CXX compiler identification is GNU 9.3.0
-- Check for working C compiler: /usr/bin/cc
-- Check for working C compiler: /usr/bin/cc -- works
-- Detecting C compiler ABI info
-- Detecting C compiler ABI info - done
-- Detecting C compile features
-- Detecting C compile features - done
-- Check for working CXX compiler: /usr/bin/c++
-- Check for working CXX compiler: /usr/bin/c++ -- works
-- Detecting CXX compiler ABI info
-- Detecting CXX compiler ABI info - done
-- Detecting CXX compile features
-- Detecting CXX compile features - done
-- Found ament_cmake: 0.9.9 (/opt/ros/foxy/share/ament_cmake/cmake)
-- Found PythonInterp: /usr/bin/python3 (found suitable version "3.8.10", minimum required is "3") 
-- Using PYTHON_EXECUTABLE: /usr/bin/python3
-- Found rclcpp: 2.4.0 (/opt/ros/foxy/share/rclcpp/cmake)
-- Using all available rosidl_typesupport_c: rosidl_typesupport_fastrtps_c;rosidl_typesupport_introspection_c
-- Found rosidl_adapter: 1.2.1 (/opt/ros/foxy/share/rosidl_adapter/cmake)
-- Found OpenSSL: /usr/lib/x86_64-linux-gnu/libcrypto.so (found version "1.1.1f")  
-- Found FastRTPS: /opt/ros/foxy/include  
-- Using all available rosidl_typesupport_cpp: rosidl_typesupport_fastrtps_cpp;rosidl_typesupport_introspection_cpp
-- Found rmw_implementation_cmake: 1.0.3 (/opt/ros/foxy/share/rmw_implementation_cmake/cmake)
-- Using RMW implementation 'rmw_fastrtps_cpp' as default
-- Looking for pthread.h
-- Looking for pthread.h - found
-- Performing Test CMAKE_HAVE_LIBC_PTHREAD
-- Performing Test CMAKE_HAVE_LIBC_PTHREAD - Failed
-- Looking for pthread_create in pthreads
-- Looking for pthread_create in pthreads - not found
-- Looking for pthread_create in pthread
-- Looking for pthread_create in pthread - found
-- Found Threads: TRUE  
-- Found rosidl_default_generators: 1.0.1 (/opt/ros/foxy/share/rosidl_default_generators/cmake)
-- Found PythonInterp: /usr/bin/python3 (found version "3.8.10") 
-- Found ament_cmake_ros: 0.9.2 (/opt/ros/foxy/share/ament_cmake_ros/cmake)
-- Using all available rosidl_typesupport_c: rosidl_typesupport_fastrtps_c;rosidl_typesupport_introspection_c
-- Using all available rosidl_typesupport_cpp: rosidl_typesupport_fastrtps_cpp;rosidl_typesupport_introspection_cpp
-- Found PythonInterp: /usr/bin/python3 (found suitable version "3.8.10", minimum required is "3.5") 
-- Found python_cmake_module: 0.8.1 (/opt/ros/foxy/share/python_cmake_module/cmake)
-- Found PythonLibs: /usr/lib/x86_64-linux-gnu/libpython3.8.so (found suitable version "3.8.10", minimum required is "3.5") 
-- Using PYTHON_EXECUTABLE: /usr/bin/python3
-- Using PYTHON_INCLUDE_DIRS: /usr/include/python3.8
-- Using PYTHON_LIBRARIES: /usr/lib/x86_64-linux-gnu/libpython3.8.so
-- Found PythonExtra: .so  
-- Found ament_lint_auto: 0.9.6 (/opt/ros/foxy/share/ament_lint_auto/cmake)
-- Added test 'copyright' to check source files copyright and LICENSE
-- Added test 'cppcheck' to perform static code analysis on C / C++ code
-- Configured cppcheck include dirs: 
-- Configured cppcheck exclude dirs and/or files: 
-- Added test 'cpplint' to check C / C++ code against the Google style
-- Configured cpplint exclude dirs and/or files: 
-- Added test 'lint_cmake' to check CMake code style
-- Added test 'uncrustify' to check C / C++ code style
-- Configured uncrustify additional arguments: 
-- Added test 'xmllint' to check XML markup files
-- Configuring done
-- Generating done
-- Build files have been written to: /root/simple_bridge/ws_ros2/build/ros2_bridge_support_pkg
[35m[1mScanning dependencies of target ros2_bridge_support_pkg__cpp[0m
[  3%] [34m[1mGenerating C code for ROS interfaces[0m
[  6%] [34m[1mGenerating C++ code for ROS interfaces[0m
[35m[1mScanning dependencies of target ros2_bridge_support_pkg__rosidl_generator_c[0m
[  6%] Built target ros2_bridge_support_pkg__cpp
[  9%] [32mBuilding C object CMakeFiles/ros2_bridge_support_pkg__rosidl_generator_c.dir/rosidl_generator_c/ros2_bridge_support_pkg/msg/detail/my_custom_message__functions.c.o[0m
[ 18%] [34m[1mGenerating C++ type support dispatch for ROS interfaces[0m
[ 18%] [34m[1mGenerating C++ type support for eProsima Fast-RTPS[0m
[ 18%] [34m[1mGenerating C++ introspection for ROS interfaces[0m
[ 21%] [32m[1mLinking C shared library libros2_bridge_support_pkg__rosidl_generator_c.so[0m
[ 21%] Built target ros2_bridge_support_pkg__rosidl_generator_c
[ 27%] [34m[1mGenerating C introspection for ROS interfaces[0m
[ 27%] [34m[1mGenerating C type support dispatch for ROS interfaces[0m
[35m[1mScanning dependencies of target ros2_bridge_support_pkg__rosidl_typesupport_fastrtps_cpp[0m
[ 30%] [32mBuilding CXX object CMakeFiles/ros2_bridge_support_pkg__rosidl_typesupport_fastrtps_cpp.dir/rosidl_typesupport_fastrtps_cpp/ros2_bridge_support_pkg/msg/detail/dds_fastrtps/my_custom_message__type_support.cpp.o[0m
[35m[1mScanning dependencies of target ros2_bridge_support_pkg__rosidl_typesupport_cpp[0m
[ 33%] [32mBuilding CXX object CMakeFiles/ros2_bridge_support_pkg__rosidl_typesupport_cpp.dir/rosidl_typesupport_cpp/ros2_bridge_support_pkg/msg/my_custom_message__type_support.cpp.o[0m
[35m[1mScanning dependencies of target ros2_bridge_support_pkg__rosidl_typesupport_introspection_cpp[0m
[ 36%] [32mBuilding CXX object CMakeFiles/ros2_bridge_support_pkg__rosidl_typesupport_introspection_cpp.dir/rosidl_typesupport_introspection_cpp/ros2_bridge_support_pkg/msg/detail/my_custom_message__type_support.cpp.o[0m
[35m[1mScanning dependencies of target ros2_bridge_support_pkg__rosidl_typesupport_c[0m
[ 39%] [32mBuilding CXX object CMakeFiles/ros2_bridge_support_pkg__rosidl_typesupport_c.dir/rosidl_typesupport_c/ros2_bridge_support_pkg/msg/my_custom_message__type_support.cpp.o[0m
[35m[1mScanning dependencies of target ros2_bridge_support_pkg__rosidl_typesupport_introspection_c[0m
[ 42%] [32mBuilding C object CMakeFiles/ros2_bridge_support_pkg__rosidl_typesupport_introspection_c.dir/rosidl_typesupport_introspection_c/ros2_bridge_support_pkg/msg/detail/my_custom_message__type_support.c.o[0m
[ 45%] [32m[1mLinking CXX shared library libros2_bridge_support_pkg__rosidl_typesupport_c.so[0m
[ 48%] [32m[1mLinking C shared library libros2_bridge_support_pkg__rosidl_typesupport_introspection_c.so[0m
[ 48%] Built target ros2_bridge_support_pkg__rosidl_typesupport_c
[ 48%] Built target ros2_bridge_support_pkg__rosidl_typesupport_introspection_c
[ 51%] [32m[1mLinking CXX shared library libros2_bridge_support_pkg__rosidl_typesupport_cpp.so[0m
[ 54%] [32m[1mLinking CXX shared library libros2_bridge_support_pkg__rosidl_typesupport_introspection_cpp.so[0m
[ 54%] Built target ros2_bridge_support_pkg__rosidl_typesupport_cpp
[ 54%] Built target ros2_bridge_support_pkg__rosidl_typesupport_introspection_cpp
[ 57%] [32m[1mLinking CXX shared library libros2_bridge_support_pkg__rosidl_typesupport_fastrtps_cpp.so[0m
[ 57%] Built target ros2_bridge_support_pkg__rosidl_typesupport_fastrtps_cpp
[ 60%] [34m[1mGenerating C type support for eProsima Fast-RTPS[0m
[35m[1mScanning dependencies of target ros2_bridge_support_pkg__rosidl_typesupport_fastrtps_c[0m
[ 63%] [32mBuilding CXX object CMakeFiles/ros2_bridge_support_pkg__rosidl_typesupport_fastrtps_c.dir/rosidl_typesupport_fastrtps_c/ros2_bridge_support_pkg/msg/detail/my_custom_message__type_support_c.cpp.o[0m
[ 66%] [32m[1mLinking CXX shared library libros2_bridge_support_pkg__rosidl_typesupport_fastrtps_c.so[0m
[ 66%] Built target ros2_bridge_support_pkg__rosidl_typesupport_fastrtps_c
[35m[1mScanning dependencies of target ros2_bridge_support_pkg[0m
[ 66%] Built target ros2_bridge_support_pkg
[35m[1mScanning dependencies of target ros2_bridge_support_pkg__py[0m
[35m[1mScanning dependencies of target ROS2_bridge_topic_sender[0m
[ 69%] [34m[1mGenerating Python code for ROS interfaces[0m
[ 72%] [32mBuilding CXX object CMakeFiles/ROS2_bridge_topic_sender.dir/src/ROS2_bridge_topic_sender.cpp.o[0m
[ 72%] Built target ros2_bridge_support_pkg__py
[35m[1mScanning dependencies of target ros2_bridge_support_pkg__python[0m
[ 75%] [32mBuilding C object CMakeFiles/ros2_bridge_support_pkg__python.dir/rosidl_generator_py/ros2_bridge_support_pkg/msg/_my_custom_message_s.c.o[0m
[ 78%] [32m[1mLinking C shared library rosidl_generator_py/ros2_bridge_support_pkg/libros2_bridge_support_pkg__python.so[0m
[ 78%] Built target ros2_bridge_support_pkg__python
[35m[1mScanning dependencies of target ros2_bridge_support_pkg__rosidl_typesupport_introspection_c__pyext[0m
[35m[1mScanning dependencies of target ros2_bridge_support_pkg__rosidl_typesupport_c__pyext[0m
[35m[1mScanning dependencies of target ros2_bridge_support_pkg__rosidl_typesupport_fastrtps_c__pyext[0m
[ 84%] [32mBuilding C object CMakeFiles/ros2_bridge_support_pkg__rosidl_typesupport_c__pyext.dir/rosidl_generator_py/ros2_bridge_support_pkg/_ros2_bridge_support_pkg_s.ep.rosidl_typesupport_c.c.o[0m
[ 84%] [32mBuilding C object CMakeFiles/ros2_bridge_support_pkg__rosidl_typesupport_introspection_c__pyext.dir/rosidl_generator_py/ros2_bridge_support_pkg/_ros2_bridge_support_pkg_s.ep.rosidl_typesupport_introspection_c.c.o[0m
[ 87%] [32mBuilding C object CMakeFiles/ros2_bridge_support_pkg__rosidl_typesupport_fastrtps_c__pyext.dir/rosidl_generator_py/ros2_bridge_support_pkg/_ros2_bridge_support_pkg_s.ep.rosidl_typesupport_fastrtps_c.c.o[0m
[ 90%] [32m[1mLinking C shared library rosidl_generator_py/ros2_bridge_support_pkg/ros2_bridge_support_pkg_s__rosidl_typesupport_c.cpython-38-x86_64-linux-gnu.so[0m
[ 93%] [32m[1mLinking CXX shared library rosidl_generator_py/ros2_bridge_support_pkg/ros2_bridge_support_pkg_s__rosidl_typesupport_fastrtps_c.cpython-38-x86_64-linux-gnu.so[0m
[ 96%] [32m[1mLinking C shared library rosidl_generator_py/ros2_bridge_support_pkg/ros2_bridge_support_pkg_s__rosidl_typesupport_introspection_c.cpython-38-x86_64-linux-gnu.so[0m
[ 96%] Built target ros2_bridge_support_pkg__rosidl_typesupport_c__pyext
[ 96%] Built target ros2_bridge_support_pkg__rosidl_typesupport_introspection_c__pyext
[ 96%] Built target ros2_bridge_support_pkg__rosidl_typesupport_fastrtps_c__pyext
[100%] [32m[1mLinking CXX executable ROS2_bridge_topic_sender[0m
[100%] Built target ROS2_bridge_topic_sender
-- Install configuration: ""
-- Installing: /root/simple_bridge/ws_ros2/install/ros2_bridge_support_pkg/share/ament_index/resource_index/rosidl_interfaces/ros2_bridge_support_pkg
-- Installing: /root/simple_bridge/ws_ros2/install/ros2_bridge_support_pkg/include/ros2_bridge_support_pkg
-- Installing: /root/simple_bridge/ws_ros2/install/ros2_bridge_support_pkg/include/ros2_bridge_support_pkg/msg
-- Installing: /root/simple_bridge/ws_ros2/install/ros2_bridge_support_pkg/include/ros2_bridge_support_pkg/msg/my_custom_message.h
-- Installing: /root/simple_bridge/ws_ros2/install/ros2_bridge_support_pkg/include/ros2_bridge_support_pkg/msg/rosidl_generator_c__visibility_control.h
-- Installing: /root/simple_bridge/ws_ros2/install/ros2_bridge_support_pkg/include/ros2_bridge_support_pkg/msg/detail
-- Installing: /root/simple_bridge/ws_ros2/install/ros2_bridge_support_pkg/include/ros2_bridge_support_pkg/msg/detail/my_custom_message__functions.h
-- Installing: /root/simple_bridge/ws_ros2/install/ros2_bridge_support_pkg/include/ros2_bridge_support_pkg/msg/detail/my_custom_message__functions.c
-- Installing: /root/simple_bridge/ws_ros2/install/ros2_bridge_support_pkg/include/ros2_bridge_support_pkg/msg/detail/my_custom_message__struct.h
-- Installing: /root/simple_bridge/ws_ros2/install/ros2_bridge_support_pkg/include/ros2_bridge_support_pkg/msg/detail/my_custom_message__type_support.h
-- Installing: /root/simple_bridge/ws_ros2/install/ros2_bridge_support_pkg/share/ros2_bridge_support_pkg/environment/library_path.sh
-- Installing: /root/simple_bridge/ws_ros2/install/ros2_bridge_support_pkg/share/ros2_bridge_support_pkg/environment/library_path.dsv
-- Installing: /root/simple_bridge/ws_ros2/install/ros2_bridge_support_pkg/lib/libros2_bridge_support_pkg__rosidl_generator_c.so
-- Set runtime path of "/root/simple_bridge/ws_ros2/install/ros2_bridge_support_pkg/lib/libros2_bridge_support_pkg__rosidl_generator_c.so" to ""
-- Up-to-date: /root/simple_bridge/ws_ros2/install/ros2_bridge_support_pkg/include/ros2_bridge_support_pkg
-- Up-to-date: /root/simple_bridge/ws_ros2/install/ros2_bridge_support_pkg/include/ros2_bridge_support_pkg/msg
-- Installing: /root/simple_bridge/ws_ros2/install/ros2_bridge_support_pkg/include/ros2_bridge_support_pkg/msg/rosidl_typesupport_fastrtps_c__visibility_control.h
-- Up-to-date: /root/simple_bridge/ws_ros2/install/ros2_bridge_support_pkg/include/ros2_bridge_support_pkg/msg/detail
-- Installing: /root/simple_bridge/ws_ros2/install/ros2_bridge_support_pkg/include/ros2_bridge_support_pkg/msg/detail/my_custom_message__rosidl_typesupport_fastrtps_c.h
-- Installing: /root/simple_bridge/ws_ros2/install/ros2_bridge_support_pkg/lib/libros2_bridge_support_pkg__rosidl_typesupport_fastrtps_c.so
-- Set runtime path of "/root/simple_bridge/ws_ros2/install/ros2_bridge_support_pkg/lib/libros2_bridge_support_pkg__rosidl_typesupport_fastrtps_c.so" to ""
-- Up-to-date: /root/simple_bridge/ws_ros2/install/ros2_bridge_support_pkg/include/ros2_bridge_support_pkg
-- Up-to-date: /root/simple_bridge/ws_ros2/install/ros2_bridge_support_pkg/include/ros2_bridge_support_pkg/msg
-- Installing: /root/simple_bridge/ws_ros2/install/ros2_bridge_support_pkg/include/ros2_bridge_support_pkg/msg/rosidl_typesupport_fastrtps_cpp__visibility_control.h
-- Up-to-date: /root/simple_bridge/ws_ros2/install/ros2_bridge_support_pkg/include/ros2_bridge_support_pkg/msg/detail
-- Installing: /root/simple_bridge/ws_ros2/install/ros2_bridge_support_pkg/include/ros2_bridge_support_pkg/msg/detail/my_custom_message__rosidl_typesupport_fastrtps_cpp.hpp
-- Installing: /root/simple_bridge/ws_ros2/install/ros2_bridge_support_pkg/include/ros2_bridge_support_pkg/msg/detail/dds_fastrtps
-- Installing: /root/simple_bridge/ws_ros2/install/ros2_bridge_support_pkg/lib/libros2_bridge_support_pkg__rosidl_typesupport_fastrtps_cpp.so
-- Set runtime path of "/root/simple_bridge/ws_ros2/install/ros2_bridge_support_pkg/lib/libros2_bridge_support_pkg__rosidl_typesupport_fastrtps_cpp.so" to ""
-- Up-to-date: /root/simple_bridge/ws_ros2/install/ros2_bridge_support_pkg/include/ros2_bridge_support_pkg
-- Up-to-date: /root/simple_bridge/ws_ros2/install/ros2_bridge_support_pkg/include/ros2_bridge_support_pkg/msg
-- Installing: /root/simple_bridge/ws_ros2/install/ros2_bridge_support_pkg/include/ros2_bridge_support_pkg/msg/rosidl_typesupport_introspection_c__visibility_control.h
-- Up-to-date: /root/simple_bridge/ws_ros2/install/ros2_bridge_support_pkg/include/ros2_bridge_support_pkg/msg/detail
-- Installing: /root/simple_bridge/ws_ros2/install/ros2_bridge_support_pkg/include/ros2_bridge_support_pkg/msg/detail/my_custom_message__type_support.c
-- Installing: /root/simple_bridge/ws_ros2/install/ros2_bridge_support_pkg/include/ros2_bridge_support_pkg/msg/detail/my_custom_message__rosidl_typesupport_introspection_c.h
-- Installing: /root/simple_bridge/ws_ros2/install/ros2_bridge_support_pkg/lib/libros2_bridge_support_pkg__rosidl_typesupport_introspection_c.so
-- Set runtime path of "/root/simple_bridge/ws_ros2/install/ros2_bridge_support_pkg/lib/libros2_bridge_support_pkg__rosidl_typesupport_introspection_c.so" to ""
-- Installing: /root/simple_bridge/ws_ros2/install/ros2_bridge_support_pkg/lib/libros2_bridge_support_pkg__rosidl_typesupport_c.so
-- Set runtime path of "/root/simple_bridge/ws_ros2/install/ros2_bridge_support_pkg/lib/libros2_bridge_support_pkg__rosidl_typesupport_c.so" to ""
-- Up-to-date: /root/simple_bridge/ws_ros2/install/ros2_bridge_support_pkg/include/ros2_bridge_support_pkg
-- Up-to-date: /root/simple_bridge/ws_ros2/install/ros2_bridge_support_pkg/include/ros2_bridge_support_pkg/msg
-- Installing: /root/simple_bridge/ws_ros2/install/ros2_bridge_support_pkg/include/ros2_bridge_support_pkg/msg/my_custom_message.hpp
-- Up-to-date: /root/simple_bridge/ws_ros2/install/ros2_bridge_support_pkg/include/ros2_bridge_support_pkg/msg/detail
-- Installing: /root/simple_bridge/ws_ros2/install/ros2_bridge_support_pkg/include/ros2_bridge_support_pkg/msg/detail/my_custom_message__traits.hpp
-- Installing: /root/simple_bridge/ws_ros2/install/ros2_bridge_support_pkg/include/ros2_bridge_support_pkg/msg/detail/my_custom_message__builder.hpp
-- Installing: /root/simple_bridge/ws_ros2/install/ros2_bridge_support_pkg/include/ros2_bridge_support_pkg/msg/detail/my_custom_message__struct.hpp
-- Up-to-date: /root/simple_bridge/ws_ros2/install/ros2_bridge_support_pkg/include/ros2_bridge_support_pkg
-- Up-to-date: /root/simple_bridge/ws_ros2/install/ros2_bridge_support_pkg/include/ros2_bridge_support_pkg/msg
-- Up-to-date: /root/simple_bridge/ws_ros2/install/ros2_bridge_support_pkg/include/ros2_bridge_support_pkg/msg/detail
-- Installing: /root/simple_bridge/ws_ros2/install/ros2_bridge_support_pkg/include/ros2_bridge_support_pkg/msg/detail/my_custom_message__type_support.cpp
-- Installing: /root/simple_bridge/ws_ros2/install/ros2_bridge_support_pkg/include/ros2_bridge_support_pkg/msg/detail/my_custom_message__rosidl_typesupport_introspection_cpp.hpp
-- Installing: /root/simple_bridge/ws_ros2/install/ros2_bridge_support_pkg/lib/libros2_bridge_support_pkg__rosidl_typesupport_introspection_cpp.so
-- Set runtime path of "/root/simple_bridge/ws_ros2/install/ros2_bridge_support_pkg/lib/libros2_bridge_support_pkg__rosidl_typesupport_introspection_cpp.so" to ""
-- Installing: /root/simple_bridge/ws_ros2/install/ros2_bridge_support_pkg/lib/libros2_bridge_support_pkg__rosidl_typesupport_cpp.so
-- Set runtime path of "/root/simple_bridge/ws_ros2/install/ros2_bridge_support_pkg/lib/libros2_bridge_support_pkg__rosidl_typesupport_cpp.so" to ""
-- Installing: /root/simple_bridge/ws_ros2/install/ros2_bridge_support_pkg/share/ros2_bridge_support_pkg/environment/pythonpath.sh
-- Installing: /root/simple_bridge/ws_ros2/install/ros2_bridge_support_pkg/share/ros2_bridge_support_pkg/environment/pythonpath.dsv
-- Installing: /root/simple_bridge/ws_ros2/install/ros2_bridge_support_pkg/lib/python3.8/site-packages/ros2_bridge_support_pkg/__init__.py
Compiling '/root/simple_bridge/ws_ros2/install/ros2_bridge_support_pkg/lib/python3.8/site-packages/ros2_bridge_support_pkg/__init__.py'...
-- Installing: /root/simple_bridge/ws_ros2/install/ros2_bridge_support_pkg/lib/python3.8/site-packages/ros2_bridge_support_pkg/msg
-- Installing: /root/simple_bridge/ws_ros2/install/ros2_bridge_support_pkg/lib/python3.8/site-packages/ros2_bridge_support_pkg/msg/_my_custom_message_s.c
-- Installing: /root/simple_bridge/ws_ros2/install/ros2_bridge_support_pkg/lib/python3.8/site-packages/ros2_bridge_support_pkg/msg/_my_custom_message.py
-- Installing: /root/simple_bridge/ws_ros2/install/ros2_bridge_support_pkg/lib/python3.8/site-packages/ros2_bridge_support_pkg/msg/__init__.py
-- Installing: /root/simple_bridge/ws_ros2/install/ros2_bridge_support_pkg/lib/python3.8/site-packages/ros2_bridge_support_pkg/ros2_bridge_support_pkg_s__rosidl_typesupport_fastrtps_c.cpython-38-x86_64-linux-gnu.so
-- Set runtime path of "/root/simple_bridge/ws_ros2/install/ros2_bridge_support_pkg/lib/python3.8/site-packages/ros2_bridge_support_pkg/ros2_bridge_support_pkg_s__rosidl_typesupport_fastrtps_c.cpython-38-x86_64-linux-gnu.so" to ""
-- Installing: /root/simple_bridge/ws_ros2/install/ros2_bridge_support_pkg/lib/python3.8/site-packages/ros2_bridge_support_pkg/ros2_bridge_support_pkg_s__rosidl_typesupport_introspection_c.cpython-38-x86_64-linux-gnu.so
-- Set runtime path of "/root/simple_bridge/ws_ros2/install/ros2_bridge_support_pkg/lib/python3.8/site-packages/ros2_bridge_support_pkg/ros2_bridge_support_pkg_s__rosidl_typesupport_introspection_c.cpython-38-x86_64-linux-gnu.so" to ""
-- Installing: /root/simple_bridge/ws_ros2/install/ros2_bridge_support_pkg/lib/python3.8/site-packages/ros2_bridge_support_pkg/ros2_bridge_support_pkg_s__rosidl_typesupport_c.cpython-38-x86_64-linux-gnu.so
-- Set runtime path of "/root/simple_bridge/ws_ros2/install/ros2_bridge_support_pkg/lib/python3.8/site-packages/ros2_bridge_support_pkg/ros2_bridge_support_pkg_s__rosidl_typesupport_c.cpython-38-x86_64-linux-gnu.so" to ""
-- Installing: /root/simple_bridge/ws_ros2/install/ros2_bridge_support_pkg/lib/libros2_bridge_support_pkg__python.so
-- Set runtime path of "/root/simple_bridge/ws_ros2/install/ros2_bridge_support_pkg/lib/libros2_bridge_support_pkg__python.so" to ""
-- Installing: /root/simple_bridge/ws_ros2/install/ros2_bridge_support_pkg/share/ros2_bridge_support_pkg/msg/MyCustomMessage.idl
-- Installing: /root/simple_bridge/ws_ros2/install/ros2_bridge_support_pkg/share/ros2_bridge_support_pkg/msg/MyCustomMessage.msg
-- Installing: /root/simple_bridge/ws_ros2/install/ros2_bridge_support_pkg/lib/ros2_bridge_support_pkg/ROS2_bridge_topic_sender
-- Set runtime path of "/root/simple_bridge/ws_ros2/install/ros2_bridge_support_pkg/lib/ros2_bridge_support_pkg/ROS2_bridge_topic_sender" to ""
-- Installing: /root/simple_bridge/ws_ros2/install/ros2_bridge_support_pkg/share/ament_index/resource_index/package_run_dependencies/ros2_bridge_support_pkg
-- Installing: /root/simple_bridge/ws_ros2/install/ros2_bridge_support_pkg/share/ament_index/resource_index/parent_prefix_path/ros2_bridge_support_pkg
-- Installing: /root/simple_bridge/ws_ros2/install/ros2_bridge_support_pkg/share/ros2_bridge_support_pkg/environment/ament_prefix_path.sh
-- Installing: /root/simple_bridge/ws_ros2/install/ros2_bridge_support_pkg/share/ros2_bridge_support_pkg/environment/ament_prefix_path.dsv
-- Installing: /root/simple_bridge/ws_ros2/install/ros2_bridge_support_pkg/share/ros2_bridge_support_pkg/environment/path.sh
-- Installing: /root/simple_bridge/ws_ros2/install/ros2_bridge_support_pkg/share/ros2_bridge_support_pkg/environment/path.dsv
-- Installing: /root/simple_bridge/ws_ros2/install/ros2_bridge_support_pkg/share/ros2_bridge_support_pkg/local_setup.bash
-- Installing: /root/simple_bridge/ws_ros2/install/ros2_bridge_support_pkg/share/ros2_bridge_support_pkg/local_setup.sh
-- Installing: /root/simple_bridge/ws_ros2/install/ros2_bridge_support_pkg/share/ros2_bridge_support_pkg/local_setup.zsh
-- Installing: /root/simple_bridge/ws_ros2/install/ros2_bridge_support_pkg/share/ros2_bridge_support_pkg/local_setup.dsv
-- Installing: /root/simple_bridge/ws_ros2/install/ros2_bridge_support_pkg/share/ros2_bridge_support_pkg/package.dsv
-- Installing: /root/simple_bridge/ws_ros2/install/ros2_bridge_support_pkg/share/ament_index/resource_index/packages/ros2_bridge_support_pkg
-- Installing: /root/simple_bridge/ws_ros2/install/ros2_bridge_support_pkg/share/ros2_bridge_support_pkg/cmake/ros2_bridge_support_pkg__rosidl_generator_cExport.cmake
-- Installing: /root/simple_bridge/ws_ros2/install/ros2_bridge_support_pkg/share/ros2_bridge_support_pkg/cmake/ros2_bridge_support_pkg__rosidl_generator_cExport-noconfig.cmake
-- Installing: /root/simple_bridge/ws_ros2/install/ros2_bridge_support_pkg/share/ros2_bridge_support_pkg/cmake/ros2_bridge_support_pkg__rosidl_typesupport_introspection_cExport.cmake
-- Installing: /root/simple_bridge/ws_ros2/install/ros2_bridge_support_pkg/share/ros2_bridge_support_pkg/cmake/ros2_bridge_support_pkg__rosidl_typesupport_introspection_cExport-noconfig.cmake
-- Installing: /root/simple_bridge/ws_ros2/install/ros2_bridge_support_pkg/share/ros2_bridge_support_pkg/cmake/ros2_bridge_support_pkg__rosidl_typesupport_cExport.cmake
-- Installing: /root/simple_bridge/ws_ros2/install/ros2_bridge_support_pkg/share/ros2_bridge_support_pkg/cmake/ros2_bridge_support_pkg__rosidl_typesupport_cExport-noconfig.cmake
-- Installing: /root/simple_bridge/ws_ros2/install/ros2_bridge_support_pkg/share/ros2_bridge_support_pkg/cmake/ros2_bridge_support_pkg__rosidl_generator_cppExport.cmake
-- Installing: /root/simple_bridge/ws_ros2/install/ros2_bridge_support_pkg/share/ros2_bridge_support_pkg/cmake/ros2_bridge_support_pkg__rosidl_typesupport_introspection_cppExport.cmake
-- Installing: /root/simple_bridge/ws_ros2/install/ros2_bridge_support_pkg/share/ros2_bridge_support_pkg/cmake/ros2_bridge_support_pkg__rosidl_typesupport_introspection_cppExport-noconfig.cmake
-- Installing: /root/simple_bridge/ws_ros2/install/ros2_bridge_support_pkg/share/ros2_bridge_support_pkg/cmake/ros2_bridge_support_pkg__rosidl_typesupport_cppExport.cmake
-- Installing: /root/simple_bridge/ws_ros2/install/ros2_bridge_support_pkg/share/ros2_bridge_support_pkg/cmake/ros2_bridge_support_pkg__rosidl_typesupport_cppExport-noconfig.cmake
-- Installing: /root/simple_bridge/ws_ros2/install/ros2_bridge_support_pkg/share/ros2_bridge_support_pkg/cmake/rosidl_cmake-extras.cmake
-- Installing: /root/simple_bridge/ws_ros2/install/ros2_bridge_support_pkg/share/ros2_bridge_support_pkg/cmake/ament_cmake_export_dependencies-extras.cmake
-- Installing: /root/simple_bridge/ws_ros2/install/ros2_bridge_support_pkg/share/ros2_bridge_support_pkg/cmake/ament_cmake_export_libraries-extras.cmake
-- Installing: /root/simple_bridge/ws_ros2/install/ros2_bridge_support_pkg/share/ros2_bridge_support_pkg/cmake/ament_cmake_export_targets-extras.cmake
-- Installing: /root/simple_bridge/ws_ros2/install/ros2_bridge_support_pkg/share/ros2_bridge_support_pkg/cmake/ament_cmake_export_include_directories-extras.cmake
-- Installing: /root/simple_bridge/ws_ros2/install/ros2_bridge_support_pkg/share/ros2_bridge_support_pkg/cmake/rosidl_cmake_export_typesupport_libraries-extras.cmake
-- Installing: /root/simple_bridge/ws_ros2/install/ros2_bridge_support_pkg/share/ros2_bridge_support_pkg/cmake/rosidl_cmake_export_typesupport_targets-extras.cmake
-- Installing: /root/simple_bridge/ws_ros2/install/ros2_bridge_support_pkg/share/ros2_bridge_support_pkg/cmake/ros2_bridge_support_pkgConfig.cmake
-- Installing: /root/simple_bridge/ws_ros2/install/ros2_bridge_support_pkg/share/ros2_bridge_support_pkg/cmake/ros2_bridge_support_pkgConfig-version.cmake
-- Installing: /root/simple_bridge/ws_ros2/install/ros2_bridge_support_pkg/share/ros2_bridge_support_pkg/package.xml
