[0.013s] Invoking command in '/root/simple_bridge/ws_ros2/build/ros2_bridge_support_pkg': CMAKE_PREFIX_PATH=${CMAKE_PREFIX_PATH}:/opt/ros/foxy /usr/bin/cmake /root/simple_bridge/ws_ros2/src/ros2_bridge_support_pkg -DCMAKE_INSTALL_PREFIX=/root/simple_bridge/ws_ros2/install/ros2_bridge_support_pkg
[0.054s] -- The C compiler identification is GNU 9.3.0
[0.097s] -- The CXX compiler identification is GNU 9.3.0
[0.101s] -- Check for working C compiler: /usr/bin/cc
[0.165s] -- Check for working C compiler: /usr/bin/cc -- works
[0.166s] -- Detecting C compiler ABI info
[0.222s] -- Detecting C compiler ABI info - done
[0.232s] -- Detecting C compile features
[0.233s] -- Detecting C compile features - done
[0.235s] -- Check for working CXX compiler: /usr/bin/c++
[0.295s] -- Check for working CXX compiler: /usr/bin/c++ -- works
[0.296s] -- Detecting CXX compiler ABI info
[0.356s] -- Detecting CXX compiler ABI info - done
[0.365s] -- Detecting CXX compile features
[0.366s] -- Detecting CXX compile features - done
[0.369s] -- Found ament_cmake: 0.9.9 (/opt/ros/foxy/share/ament_cmake/cmake)
[0.392s] -- Found PythonInterp: /usr/bin/python3 (found suitable version "3.8.10", minimum required is "3") 
[0.393s] -- Using PYTHON_EXECUTABLE: /usr/bin/python3
[0.600s] -- Found rclcpp: 2.4.0 (/opt/ros/foxy/share/rclcpp/cmake)
[0.651s] -- Using all available rosidl_typesupport_c: rosidl_typesupport_fastrtps_c;rosidl_typesupport_introspection_c
[0.659s] -- Found rosidl_adapter: 1.2.1 (/opt/ros/foxy/share/rosidl_adapter/cmake)
[0.729s] -- Found OpenSSL: /usr/lib/x86_64-linux-gnu/libcrypto.so (found version "1.1.1f")  
[0.760s] -- Found FastRTPS: /opt/ros/foxy/include  
[0.845s] -- Using all available rosidl_typesupport_cpp: rosidl_typesupport_fastrtps_cpp;rosidl_typesupport_introspection_cpp
[0.899s] -- Found rmw_implementation_cmake: 1.0.3 (/opt/ros/foxy/share/rmw_implementation_cmake/cmake)
[0.900s] -- Using RMW implementation 'rmw_fastrtps_cpp' as default
[0.901s] -- Looking for pthread.h
[0.956s] -- Looking for pthread.h - found
[0.956s] -- Performing Test CMAKE_HAVE_LIBC_PTHREAD
[1.010s] -- Performing Test CMAKE_HAVE_LIBC_PTHREAD - Failed
[1.010s] -- Looking for pthread_create in pthreads
[1.054s] -- Looking for pthread_create in pthreads - not found
[1.054s] -- Looking for pthread_create in pthread
[1.106s] -- Looking for pthread_create in pthread - found
[1.107s] -- Found Threads: TRUE  
[1.243s] -- Found rosidl_default_generators: 1.0.1 (/opt/ros/foxy/share/rosidl_default_generators/cmake)
[1.274s] -- Found PythonInterp: /usr/bin/python3 (found version "3.8.10") 
[1.424s] -- Found ament_cmake_ros: 0.9.2 (/opt/ros/foxy/share/ament_cmake_ros/cmake)
[1.602s] -- Using all available rosidl_typesupport_c: rosidl_typesupport_fastrtps_c;rosidl_typesupport_introspection_c
[1.652s] -- Using all available rosidl_typesupport_cpp: rosidl_typesupport_fastrtps_cpp;rosidl_typesupport_introspection_cpp
[1.674s] -- Found PythonInterp: /usr/bin/python3 (found suitable version "3.8.10", minimum required is "3.5") 
[1.676s] -- Found python_cmake_module: 0.8.1 (/opt/ros/foxy/share/python_cmake_module/cmake)
[1.698s] -- Found PythonLibs: /usr/lib/x86_64-linux-gnu/libpython3.8.so (found suitable version "3.8.10", minimum required is "3.5") 
[1.698s] -- Using PYTHON_EXECUTABLE: /usr/bin/python3
[1.699s] -- Using PYTHON_INCLUDE_DIRS: /usr/include/python3.8
[1.699s] -- Using PYTHON_LIBRARIES: /usr/lib/x86_64-linux-gnu/libpython3.8.so
[1.717s] -- Found PythonExtra: .so  
[1.773s] -- Found ament_lint_auto: 0.9.6 (/opt/ros/foxy/share/ament_lint_auto/cmake)
[1.797s] -- Added test 'copyright' to check source files copyright and LICENSE
[1.798s] -- Added test 'cppcheck' to perform static code analysis on C / C++ code
[1.799s] -- Configured cppcheck include dirs: 
[1.799s] -- Configured cppcheck exclude dirs and/or files: 
[1.799s] -- Added test 'cpplint' to check C / C++ code against the Google style
[1.799s] -- Configured cpplint exclude dirs and/or files: 
[1.800s] -- Added test 'lint_cmake' to check CMake code style
[1.801s] -- Added test 'uncrustify' to check C / C++ code style
[1.801s] -- Configured uncrustify additional arguments: 
[1.801s] -- Added test 'xmllint' to check XML markup files
[1.805s] -- Configuring done
[1.845s] -- Generating done
[1.848s] -- Build files have been written to: /root/simple_bridge/ws_ros2/build/ros2_bridge_support_pkg
[1.855s] Invoked command in '/root/simple_bridge/ws_ros2/build/ros2_bridge_support_pkg' returned '0': CMAKE_PREFIX_PATH=${CMAKE_PREFIX_PATH}:/opt/ros/foxy /usr/bin/cmake /root/simple_bridge/ws_ros2/src/ros2_bridge_support_pkg -DCMAKE_INSTALL_PREFIX=/root/simple_bridge/ws_ros2/install/ros2_bridge_support_pkg
[1.857s] Invoking command in '/root/simple_bridge/ws_ros2/build/ros2_bridge_support_pkg': CMAKE_PREFIX_PATH=${CMAKE_PREFIX_PATH}:/opt/ros/foxy /usr/bin/cmake --build /root/simple_bridge/ws_ros2/build/ros2_bridge_support_pkg -- -j12 -l12
[1.891s] [35m[1mScanning dependencies of target ros2_bridge_support_pkg__cpp[0m
[1.891s] [  3%] [34m[1mGenerating C code for ROS interfaces[0m
[1.900s] [  6%] [34m[1mGenerating C++ code for ROS interfaces[0m
[2.106s] [35m[1mScanning dependencies of target ros2_bridge_support_pkg__rosidl_generator_c[0m
[2.113s] [  6%] Built target ros2_bridge_support_pkg__cpp
[2.116s] [  9%] [32mBuilding C object CMakeFiles/ros2_bridge_support_pkg__rosidl_generator_c.dir/rosidl_generator_c/ros2_bridge_support_pkg/msg/detail/my_custom_message__functions.c.o[0m
[2.123s] [ 18%] [34m[1mGenerating C++ type support dispatch for ROS interfaces[0m
[2.123s] [ 18%] [34m[1mGenerating C++ type support for eProsima Fast-RTPS[0m
[2.123s] [ 18%] [34m[1mGenerating C++ introspection for ROS interfaces[0m
[2.150s] [ 21%] [32m[1mLinking C shared library libros2_bridge_support_pkg__rosidl_generator_c.so[0m
[2.184s] [ 21%] Built target ros2_bridge_support_pkg__rosidl_generator_c
[2.193s] [ 27%] [34m[1mGenerating C introspection for ROS interfaces[0m
[2.193s] [ 27%] [34m[1mGenerating C type support dispatch for ROS interfaces[0m
[2.349s] [35m[1mScanning dependencies of target ros2_bridge_support_pkg__rosidl_typesupport_fastrtps_cpp[0m
[2.360s] [ 30%] [32mBuilding CXX object CMakeFiles/ros2_bridge_support_pkg__rosidl_typesupport_fastrtps_cpp.dir/rosidl_typesupport_fastrtps_cpp/ros2_bridge_support_pkg/msg/detail/dds_fastrtps/my_custom_message__type_support.cpp.o[0m
[2.381s] [35m[1mScanning dependencies of target ros2_bridge_support_pkg__rosidl_typesupport_cpp[0m
[2.392s] [ 33%] [32mBuilding CXX object CMakeFiles/ros2_bridge_support_pkg__rosidl_typesupport_cpp.dir/rosidl_typesupport_cpp/ros2_bridge_support_pkg/msg/my_custom_message__type_support.cpp.o[0m
[2.396s] [35m[1mScanning dependencies of target ros2_bridge_support_pkg__rosidl_typesupport_introspection_cpp[0m
[2.408s] [ 36%] [32mBuilding CXX object CMakeFiles/ros2_bridge_support_pkg__rosidl_typesupport_introspection_cpp.dir/rosidl_typesupport_introspection_cpp/ros2_bridge_support_pkg/msg/detail/my_custom_message__type_support.cpp.o[0m
[2.466s] [35m[1mScanning dependencies of target ros2_bridge_support_pkg__rosidl_typesupport_c[0m
[2.476s] [ 39%] [32mBuilding CXX object CMakeFiles/ros2_bridge_support_pkg__rosidl_typesupport_c.dir/rosidl_typesupport_c/ros2_bridge_support_pkg/msg/my_custom_message__type_support.cpp.o[0m
[2.477s] [35m[1mScanning dependencies of target ros2_bridge_support_pkg__rosidl_typesupport_introspection_c[0m
[2.492s] [ 42%] [32mBuilding C object CMakeFiles/ros2_bridge_support_pkg__rosidl_typesupport_introspection_c.dir/rosidl_typesupport_introspection_c/ros2_bridge_support_pkg/msg/detail/my_custom_message__type_support.c.o[0m
[2.503s] [ 45%] [32m[1mLinking CXX shared library libros2_bridge_support_pkg__rosidl_typesupport_c.so[0m
[2.535s] [ 48%] [32m[1mLinking C shared library libros2_bridge_support_pkg__rosidl_typesupport_introspection_c.so[0m
[2.540s] [ 48%] Built target ros2_bridge_support_pkg__rosidl_typesupport_c
[2.566s] [ 48%] Built target ros2_bridge_support_pkg__rosidl_typesupport_introspection_c
[2.679s] [ 51%] [32m[1mLinking CXX shared library libros2_bridge_support_pkg__rosidl_typesupport_cpp.so[0m
[2.685s] [ 54%] [32m[1mLinking CXX shared library libros2_bridge_support_pkg__rosidl_typesupport_introspection_cpp.so[0m
[2.713s] [ 54%] Built target ros2_bridge_support_pkg__rosidl_typesupport_cpp
[2.735s] [ 54%] Built target ros2_bridge_support_pkg__rosidl_typesupport_introspection_cpp
[2.792s] [ 57%] [32m[1mLinking CXX shared library libros2_bridge_support_pkg__rosidl_typesupport_fastrtps_cpp.so[0m
[2.856s] [ 57%] Built target ros2_bridge_support_pkg__rosidl_typesupport_fastrtps_cpp
[2.865s] [ 60%] [34m[1mGenerating C type support for eProsima Fast-RTPS[0m
[3.065s] [35m[1mScanning dependencies of target ros2_bridge_support_pkg__rosidl_typesupport_fastrtps_c[0m
[3.077s] [ 63%] [32mBuilding CXX object CMakeFiles/ros2_bridge_support_pkg__rosidl_typesupport_fastrtps_c.dir/rosidl_typesupport_fastrtps_c/ros2_bridge_support_pkg/msg/detail/my_custom_message__type_support_c.cpp.o[0m
[3.349s] [ 66%] [32m[1mLinking CXX shared library libros2_bridge_support_pkg__rosidl_typesupport_fastrtps_c.so[0m
[3.410s] [ 66%] Built target ros2_bridge_support_pkg__rosidl_typesupport_fastrtps_c
[3.418s] [35m[1mScanning dependencies of target ros2_bridge_support_pkg[0m
[3.426s] [ 66%] Built target ros2_bridge_support_pkg
[3.435s] [35m[1mScanning dependencies of target ros2_bridge_support_pkg__py[0m
[3.435s] [35m[1mScanning dependencies of target ROS2_bridge_topic_sender[0m
[3.443s] [ 69%] [34m[1mGenerating Python code for ROS interfaces[0m
[3.464s] [ 72%] [32mBuilding CXX object CMakeFiles/ROS2_bridge_topic_sender.dir/src/ROS2_bridge_topic_sender.cpp.o[0m
[3.819s] [ 72%] Built target ros2_bridge_support_pkg__py
[3.828s] [35m[1mScanning dependencies of target ros2_bridge_support_pkg__python[0m
[3.844s] [ 75%] [32mBuilding C object CMakeFiles/ros2_bridge_support_pkg__python.dir/rosidl_generator_py/ros2_bridge_support_pkg/msg/_my_custom_message_s.c.o[0m
[3.915s] [ 78%] [32m[1mLinking C shared library rosidl_generator_py/ros2_bridge_support_pkg/libros2_bridge_support_pkg__python.so[0m
[3.948s] [ 78%] Built target ros2_bridge_support_pkg__python
[3.957s] [35m[1mScanning dependencies of target ros2_bridge_support_pkg__rosidl_typesupport_introspection_c__pyext[0m
[3.957s] [35m[1mScanning dependencies of target ros2_bridge_support_pkg__rosidl_typesupport_c__pyext[0m
[3.957s] [35m[1mScanning dependencies of target ros2_bridge_support_pkg__rosidl_typesupport_fastrtps_c__pyext[0m
[3.974s] [ 84%] [32mBuilding C object CMakeFiles/ros2_bridge_support_pkg__rosidl_typesupport_c__pyext.dir/rosidl_generator_py/ros2_bridge_support_pkg/_ros2_bridge_support_pkg_s.ep.rosidl_typesupport_c.c.o[0m
[3.974s] [ 84%] [32mBuilding C object CMakeFiles/ros2_bridge_support_pkg__rosidl_typesupport_introspection_c__pyext.dir/rosidl_generator_py/ros2_bridge_support_pkg/_ros2_bridge_support_pkg_s.ep.rosidl_typesupport_introspection_c.c.o[0m
[3.974s] [ 87%] [32mBuilding C object CMakeFiles/ros2_bridge_support_pkg__rosidl_typesupport_fastrtps_c__pyext.dir/rosidl_generator_py/ros2_bridge_support_pkg/_ros2_bridge_support_pkg_s.ep.rosidl_typesupport_fastrtps_c.c.o[0m
[4.051s] [ 90%] [32m[1mLinking C shared library rosidl_generator_py/ros2_bridge_support_pkg/ros2_bridge_support_pkg_s__rosidl_typesupport_c.cpython-38-x86_64-linux-gnu.so[0m
[4.053s] [ 93%] [32m[1mLinking CXX shared library rosidl_generator_py/ros2_bridge_support_pkg/ros2_bridge_support_pkg_s__rosidl_typesupport_fastrtps_c.cpython-38-x86_64-linux-gnu.so[0m
[4.054s] [ 96%] [32m[1mLinking C shared library rosidl_generator_py/ros2_bridge_support_pkg/ros2_bridge_support_pkg_s__rosidl_typesupport_introspection_c.cpython-38-x86_64-linux-gnu.so[0m
[4.083s] [ 96%] Built target ros2_bridge_support_pkg__rosidl_typesupport_c__pyext
[4.085s] [ 96%] Built target ros2_bridge_support_pkg__rosidl_typesupport_introspection_c__pyext
[4.107s] [ 96%] Built target ros2_bridge_support_pkg__rosidl_typesupport_fastrtps_c__pyext
[7.531s] [100%] [32m[1mLinking CXX executable ROS2_bridge_topic_sender[0m
[7.723s] [100%] Built target ROS2_bridge_topic_sender
[7.733s] Invoked command in '/root/simple_bridge/ws_ros2/build/ros2_bridge_support_pkg' returned '0': CMAKE_PREFIX_PATH=${CMAKE_PREFIX_PATH}:/opt/ros/foxy /usr/bin/cmake --build /root/simple_bridge/ws_ros2/build/ros2_bridge_support_pkg -- -j12 -l12
[7.786s] Invoking command in '/root/simple_bridge/ws_ros2/build/ros2_bridge_support_pkg': CMAKE_PREFIX_PATH=${CMAKE_PREFIX_PATH}:/opt/ros/foxy /usr/bin/cmake --install /root/simple_bridge/ws_ros2/build/ros2_bridge_support_pkg
[7.793s] -- Install configuration: ""
[7.793s] -- Installing: /root/simple_bridge/ws_ros2/install/ros2_bridge_support_pkg/share/ament_index/resource_index/rosidl_interfaces/ros2_bridge_support_pkg
[7.794s] -- Installing: /root/simple_bridge/ws_ros2/install/ros2_bridge_support_pkg/include/ros2_bridge_support_pkg
[7.794s] -- Installing: /root/simple_bridge/ws_ros2/install/ros2_bridge_support_pkg/include/ros2_bridge_support_pkg/msg
[7.794s] -- Installing: /root/simple_bridge/ws_ros2/install/ros2_bridge_support_pkg/include/ros2_bridge_support_pkg/msg/my_custom_message.h
[7.794s] -- Installing: /root/simple_bridge/ws_ros2/install/ros2_bridge_support_pkg/include/ros2_bridge_support_pkg/msg/rosidl_generator_c__visibility_control.h
[7.795s] -- Installing: /root/simple_bridge/ws_ros2/install/ros2_bridge_support_pkg/include/ros2_bridge_support_pkg/msg/detail
[7.795s] -- Installing: /root/simple_bridge/ws_ros2/install/ros2_bridge_support_pkg/include/ros2_bridge_support_pkg/msg/detail/my_custom_message__functions.h
[7.795s] -- Installing: /root/simple_bridge/ws_ros2/install/ros2_bridge_support_pkg/include/ros2_bridge_support_pkg/msg/detail/my_custom_message__functions.c
[7.795s] -- Installing: /root/simple_bridge/ws_ros2/install/ros2_bridge_support_pkg/include/ros2_bridge_support_pkg/msg/detail/my_custom_message__struct.h
[7.795s] -- Installing: /root/simple_bridge/ws_ros2/install/ros2_bridge_support_pkg/include/ros2_bridge_support_pkg/msg/detail/my_custom_message__type_support.h
[7.795s] -- Installing: /root/simple_bridge/ws_ros2/install/ros2_bridge_support_pkg/share/ros2_bridge_support_pkg/environment/library_path.sh
[7.795s] -- Installing: /root/simple_bridge/ws_ros2/install/ros2_bridge_support_pkg/share/ros2_bridge_support_pkg/environment/library_path.dsv
[7.795s] -- Installing: /root/simple_bridge/ws_ros2/install/ros2_bridge_support_pkg/lib/libros2_bridge_support_pkg__rosidl_generator_c.so
[7.796s] -- Set runtime path of "/root/simple_bridge/ws_ros2/install/ros2_bridge_support_pkg/lib/libros2_bridge_support_pkg__rosidl_generator_c.so" to ""
[7.796s] -- Up-to-date: /root/simple_bridge/ws_ros2/install/ros2_bridge_support_pkg/include/ros2_bridge_support_pkg
[7.796s] -- Up-to-date: /root/simple_bridge/ws_ros2/install/ros2_bridge_support_pkg/include/ros2_bridge_support_pkg/msg
[7.796s] -- Installing: /root/simple_bridge/ws_ros2/install/ros2_bridge_support_pkg/include/ros2_bridge_support_pkg/msg/rosidl_typesupport_fastrtps_c__visibility_control.h
[7.796s] -- Up-to-date: /root/simple_bridge/ws_ros2/install/ros2_bridge_support_pkg/include/ros2_bridge_support_pkg/msg/detail
[7.796s] -- Installing: /root/simple_bridge/ws_ros2/install/ros2_bridge_support_pkg/include/ros2_bridge_support_pkg/msg/detail/my_custom_message__rosidl_typesupport_fastrtps_c.h
[7.797s] -- Installing: /root/simple_bridge/ws_ros2/install/ros2_bridge_support_pkg/lib/libros2_bridge_support_pkg__rosidl_typesupport_fastrtps_c.so
[7.797s] -- Set runtime path of "/root/simple_bridge/ws_ros2/install/ros2_bridge_support_pkg/lib/libros2_bridge_support_pkg__rosidl_typesupport_fastrtps_c.so" to ""
[7.797s] -- Up-to-date: /root/simple_bridge/ws_ros2/install/ros2_bridge_support_pkg/include/ros2_bridge_support_pkg
[7.797s] -- Up-to-date: /root/simple_bridge/ws_ros2/install/ros2_bridge_support_pkg/include/ros2_bridge_support_pkg/msg
[7.797s] -- Installing: /root/simple_bridge/ws_ros2/install/ros2_bridge_support_pkg/include/ros2_bridge_support_pkg/msg/rosidl_typesupport_fastrtps_cpp__visibility_control.h
[7.797s] -- Up-to-date: /root/simple_bridge/ws_ros2/install/ros2_bridge_support_pkg/include/ros2_bridge_support_pkg/msg/detail
[7.797s] -- Installing: /root/simple_bridge/ws_ros2/install/ros2_bridge_support_pkg/include/ros2_bridge_support_pkg/msg/detail/my_custom_message__rosidl_typesupport_fastrtps_cpp.hpp
[7.798s] -- Installing: /root/simple_bridge/ws_ros2/install/ros2_bridge_support_pkg/include/ros2_bridge_support_pkg/msg/detail/dds_fastrtps
[7.798s] -- Installing: /root/simple_bridge/ws_ros2/install/ros2_bridge_support_pkg/lib/libros2_bridge_support_pkg__rosidl_typesupport_fastrtps_cpp.so
[7.798s] -- Set runtime path of "/root/simple_bridge/ws_ros2/install/ros2_bridge_support_pkg/lib/libros2_bridge_support_pkg__rosidl_typesupport_fastrtps_cpp.so" to ""
[7.798s] -- Up-to-date: /root/simple_bridge/ws_ros2/install/ros2_bridge_support_pkg/include/ros2_bridge_support_pkg
[7.798s] -- Up-to-date: /root/simple_bridge/ws_ros2/install/ros2_bridge_support_pkg/include/ros2_bridge_support_pkg/msg
[7.798s] -- Installing: /root/simple_bridge/ws_ros2/install/ros2_bridge_support_pkg/include/ros2_bridge_support_pkg/msg/rosidl_typesupport_introspection_c__visibility_control.h
[7.798s] -- Up-to-date: /root/simple_bridge/ws_ros2/install/ros2_bridge_support_pkg/include/ros2_bridge_support_pkg/msg/detail
[7.799s] -- Installing: /root/simple_bridge/ws_ros2/install/ros2_bridge_support_pkg/include/ros2_bridge_support_pkg/msg/detail/my_custom_message__type_support.c
[7.799s] -- Installing: /root/simple_bridge/ws_ros2/install/ros2_bridge_support_pkg/include/ros2_bridge_support_pkg/msg/detail/my_custom_message__rosidl_typesupport_introspection_c.h
[7.799s] -- Installing: /root/simple_bridge/ws_ros2/install/ros2_bridge_support_pkg/lib/libros2_bridge_support_pkg__rosidl_typesupport_introspection_c.so
[7.799s] -- Set runtime path of "/root/simple_bridge/ws_ros2/install/ros2_bridge_support_pkg/lib/libros2_bridge_support_pkg__rosidl_typesupport_introspection_c.so" to ""
[7.799s] -- Installing: /root/simple_bridge/ws_ros2/install/ros2_bridge_support_pkg/lib/libros2_bridge_support_pkg__rosidl_typesupport_c.so
[7.799s] -- Set runtime path of "/root/simple_bridge/ws_ros2/install/ros2_bridge_support_pkg/lib/libros2_bridge_support_pkg__rosidl_typesupport_c.so" to ""
[7.800s] -- Up-to-date: /root/simple_bridge/ws_ros2/install/ros2_bridge_support_pkg/include/ros2_bridge_support_pkg
[7.800s] -- Up-to-date: /root/simple_bridge/ws_ros2/install/ros2_bridge_support_pkg/include/ros2_bridge_support_pkg/msg
[7.800s] -- Installing: /root/simple_bridge/ws_ros2/install/ros2_bridge_support_pkg/include/ros2_bridge_support_pkg/msg/my_custom_message.hpp
[7.800s] -- Up-to-date: /root/simple_bridge/ws_ros2/install/ros2_bridge_support_pkg/include/ros2_bridge_support_pkg/msg/detail
[7.800s] -- Installing: /root/simple_bridge/ws_ros2/install/ros2_bridge_support_pkg/include/ros2_bridge_support_pkg/msg/detail/my_custom_message__traits.hpp
[7.800s] -- Installing: /root/simple_bridge/ws_ros2/install/ros2_bridge_support_pkg/include/ros2_bridge_support_pkg/msg/detail/my_custom_message__builder.hpp
[7.800s] -- Installing: /root/simple_bridge/ws_ros2/install/ros2_bridge_support_pkg/include/ros2_bridge_support_pkg/msg/detail/my_custom_message__struct.hpp
[7.800s] -- Up-to-date: /root/simple_bridge/ws_ros2/install/ros2_bridge_support_pkg/include/ros2_bridge_support_pkg
[7.801s] -- Up-to-date: /root/simple_bridge/ws_ros2/install/ros2_bridge_support_pkg/include/ros2_bridge_support_pkg/msg
[7.801s] -- Up-to-date: /root/simple_bridge/ws_ros2/install/ros2_bridge_support_pkg/include/ros2_bridge_support_pkg/msg/detail
[7.801s] -- Installing: /root/simple_bridge/ws_ros2/install/ros2_bridge_support_pkg/include/ros2_bridge_support_pkg/msg/detail/my_custom_message__type_support.cpp
[7.801s] -- Installing: /root/simple_bridge/ws_ros2/install/ros2_bridge_support_pkg/include/ros2_bridge_support_pkg/msg/detail/my_custom_message__rosidl_typesupport_introspection_cpp.hpp
[7.801s] -- Installing: /root/simple_bridge/ws_ros2/install/ros2_bridge_support_pkg/lib/libros2_bridge_support_pkg__rosidl_typesupport_introspection_cpp.so
[7.801s] -- Set runtime path of "/root/simple_bridge/ws_ros2/install/ros2_bridge_support_pkg/lib/libros2_bridge_support_pkg__rosidl_typesupport_introspection_cpp.so" to ""
[7.801s] -- Installing: /root/simple_bridge/ws_ros2/install/ros2_bridge_support_pkg/lib/libros2_bridge_support_pkg__rosidl_typesupport_cpp.so
[7.801s] -- Set runtime path of "/root/simple_bridge/ws_ros2/install/ros2_bridge_support_pkg/lib/libros2_bridge_support_pkg__rosidl_typesupport_cpp.so" to ""
[7.802s] -- Installing: /root/simple_bridge/ws_ros2/install/ros2_bridge_support_pkg/share/ros2_bridge_support_pkg/environment/pythonpath.sh
[7.802s] -- Installing: /root/simple_bridge/ws_ros2/install/ros2_bridge_support_pkg/share/ros2_bridge_support_pkg/environment/pythonpath.dsv
[7.802s] -- Installing: /root/simple_bridge/ws_ros2/install/ros2_bridge_support_pkg/lib/python3.8/site-packages/ros2_bridge_support_pkg/__init__.py
[7.830s] Compiling '/root/simple_bridge/ws_ros2/install/ros2_bridge_support_pkg/lib/python3.8/site-packages/ros2_bridge_support_pkg/__init__.py'...
[7.835s] -- Installing: /root/simple_bridge/ws_ros2/install/ros2_bridge_support_pkg/lib/python3.8/site-packages/ros2_bridge_support_pkg/msg
[7.835s] -- Installing: /root/simple_bridge/ws_ros2/install/ros2_bridge_support_pkg/lib/python3.8/site-packages/ros2_bridge_support_pkg/msg/_my_custom_message_s.c
[7.835s] -- Installing: /root/simple_bridge/ws_ros2/install/ros2_bridge_support_pkg/lib/python3.8/site-packages/ros2_bridge_support_pkg/msg/_my_custom_message.py
[7.835s] -- Installing: /root/simple_bridge/ws_ros2/install/ros2_bridge_support_pkg/lib/python3.8/site-packages/ros2_bridge_support_pkg/msg/__init__.py
[7.835s] -- Installing: /root/simple_bridge/ws_ros2/install/ros2_bridge_support_pkg/lib/python3.8/site-packages/ros2_bridge_support_pkg/ros2_bridge_support_pkg_s__rosidl_typesupport_fastrtps_c.cpython-38-x86_64-linux-gnu.so
[7.836s] -- Set runtime path of "/root/simple_bridge/ws_ros2/install/ros2_bridge_support_pkg/lib/python3.8/site-packages/ros2_bridge_support_pkg/ros2_bridge_support_pkg_s__rosidl_typesupport_fastrtps_c.cpython-38-x86_64-linux-gnu.so" to ""
[7.836s] -- Installing: /root/simple_bridge/ws_ros2/install/ros2_bridge_support_pkg/lib/python3.8/site-packages/ros2_bridge_support_pkg/ros2_bridge_support_pkg_s__rosidl_typesupport_introspection_c.cpython-38-x86_64-linux-gnu.so
[7.837s] -- Set runtime path of "/root/simple_bridge/ws_ros2/install/ros2_bridge_support_pkg/lib/python3.8/site-packages/ros2_bridge_support_pkg/ros2_bridge_support_pkg_s__rosidl_typesupport_introspection_c.cpython-38-x86_64-linux-gnu.so" to ""
[7.837s] -- Installing: /root/simple_bridge/ws_ros2/install/ros2_bridge_support_pkg/lib/python3.8/site-packages/ros2_bridge_support_pkg/ros2_bridge_support_pkg_s__rosidl_typesupport_c.cpython-38-x86_64-linux-gnu.so
[7.837s] -- Set runtime path of "/root/simple_bridge/ws_ros2/install/ros2_bridge_support_pkg/lib/python3.8/site-packages/ros2_bridge_support_pkg/ros2_bridge_support_pkg_s__rosidl_typesupport_c.cpython-38-x86_64-linux-gnu.so" to ""
[7.838s] -- Installing: /root/simple_bridge/ws_ros2/install/ros2_bridge_support_pkg/lib/libros2_bridge_support_pkg__python.so
[7.838s] -- Set runtime path of "/root/simple_bridge/ws_ros2/install/ros2_bridge_support_pkg/lib/libros2_bridge_support_pkg__python.so" to ""
[7.838s] -- Installing: /root/simple_bridge/ws_ros2/install/ros2_bridge_support_pkg/share/ros2_bridge_support_pkg/msg/MyCustomMessage.idl
[7.838s] -- Installing: /root/simple_bridge/ws_ros2/install/ros2_bridge_support_pkg/share/ros2_bridge_support_pkg/msg/MyCustomMessage.msg
[7.838s] -- Installing: /root/simple_bridge/ws_ros2/install/ros2_bridge_support_pkg/lib/ros2_bridge_support_pkg/ROS2_bridge_topic_sender
[7.840s] -- Set runtime path of "/root/simple_bridge/ws_ros2/install/ros2_bridge_support_pkg/lib/ros2_bridge_support_pkg/ROS2_bridge_topic_sender" to ""
[7.840s] -- Installing: /root/simple_bridge/ws_ros2/install/ros2_bridge_support_pkg/share/ament_index/resource_index/package_run_dependencies/ros2_bridge_support_pkg
[7.840s] -- Installing: /root/simple_bridge/ws_ros2/install/ros2_bridge_support_pkg/share/ament_index/resource_index/parent_prefix_path/ros2_bridge_support_pkg
[7.841s] -- Installing: /root/simple_bridge/ws_ros2/install/ros2_bridge_support_pkg/share/ros2_bridge_support_pkg/environment/ament_prefix_path.sh
[7.841s] -- Installing: /root/simple_bridge/ws_ros2/install/ros2_bridge_support_pkg/share/ros2_bridge_support_pkg/environment/ament_prefix_path.dsv
[7.841s] -- Installing: /root/simple_bridge/ws_ros2/install/ros2_bridge_support_pkg/share/ros2_bridge_support_pkg/environment/path.sh
[7.842s] -- Installing: /root/simple_bridge/ws_ros2/install/ros2_bridge_support_pkg/share/ros2_bridge_support_pkg/environment/path.dsv
[7.842s] -- Installing: /root/simple_bridge/ws_ros2/install/ros2_bridge_support_pkg/share/ros2_bridge_support_pkg/local_setup.bash
[7.842s] -- Installing: /root/simple_bridge/ws_ros2/install/ros2_bridge_support_pkg/share/ros2_bridge_support_pkg/local_setup.sh
[7.842s] -- Installing: /root/simple_bridge/ws_ros2/install/ros2_bridge_support_pkg/share/ros2_bridge_support_pkg/local_setup.zsh
[7.842s] -- Installing: /root/simple_bridge/ws_ros2/install/ros2_bridge_support_pkg/share/ros2_bridge_support_pkg/local_setup.dsv
[7.842s] -- Installing: /root/simple_bridge/ws_ros2/install/ros2_bridge_support_pkg/share/ros2_bridge_support_pkg/package.dsv
[7.842s] -- Installing: /root/simple_bridge/ws_ros2/install/ros2_bridge_support_pkg/share/ament_index/resource_index/packages/ros2_bridge_support_pkg
[7.842s] -- Installing: /root/simple_bridge/ws_ros2/install/ros2_bridge_support_pkg/share/ros2_bridge_support_pkg/cmake/ros2_bridge_support_pkg__rosidl_generator_cExport.cmake
[7.843s] -- Installing: /root/simple_bridge/ws_ros2/install/ros2_bridge_support_pkg/share/ros2_bridge_support_pkg/cmake/ros2_bridge_support_pkg__rosidl_generator_cExport-noconfig.cmake
[7.843s] -- Installing: /root/simple_bridge/ws_ros2/install/ros2_bridge_support_pkg/share/ros2_bridge_support_pkg/cmake/ros2_bridge_support_pkg__rosidl_typesupport_introspection_cExport.cmake
[7.843s] -- Installing: /root/simple_bridge/ws_ros2/install/ros2_bridge_support_pkg/share/ros2_bridge_support_pkg/cmake/ros2_bridge_support_pkg__rosidl_typesupport_introspection_cExport-noconfig.cmake
[7.843s] -- Installing: /root/simple_bridge/ws_ros2/install/ros2_bridge_support_pkg/share/ros2_bridge_support_pkg/cmake/ros2_bridge_support_pkg__rosidl_typesupport_cExport.cmake
[7.843s] -- Installing: /root/simple_bridge/ws_ros2/install/ros2_bridge_support_pkg/share/ros2_bridge_support_pkg/cmake/ros2_bridge_support_pkg__rosidl_typesupport_cExport-noconfig.cmake
[7.843s] -- Installing: /root/simple_bridge/ws_ros2/install/ros2_bridge_support_pkg/share/ros2_bridge_support_pkg/cmake/ros2_bridge_support_pkg__rosidl_generator_cppExport.cmake
[7.844s] -- Installing: /root/simple_bridge/ws_ros2/install/ros2_bridge_support_pkg/share/ros2_bridge_support_pkg/cmake/ros2_bridge_support_pkg__rosidl_typesupport_introspection_cppExport.cmake
[7.844s] -- Installing: /root/simple_bridge/ws_ros2/install/ros2_bridge_support_pkg/share/ros2_bridge_support_pkg/cmake/ros2_bridge_support_pkg__rosidl_typesupport_introspection_cppExport-noconfig.cmake
[7.844s] -- Installing: /root/simple_bridge/ws_ros2/install/ros2_bridge_support_pkg/share/ros2_bridge_support_pkg/cmake/ros2_bridge_support_pkg__rosidl_typesupport_cppExport.cmake
[7.844s] -- Installing: /root/simple_bridge/ws_ros2/install/ros2_bridge_support_pkg/share/ros2_bridge_support_pkg/cmake/ros2_bridge_support_pkg__rosidl_typesupport_cppExport-noconfig.cmake
[7.844s] -- Installing: /root/simple_bridge/ws_ros2/install/ros2_bridge_support_pkg/share/ros2_bridge_support_pkg/cmake/rosidl_cmake-extras.cmake
[7.844s] -- Installing: /root/simple_bridge/ws_ros2/install/ros2_bridge_support_pkg/share/ros2_bridge_support_pkg/cmake/ament_cmake_export_dependencies-extras.cmake
[7.845s] -- Installing: /root/simple_bridge/ws_ros2/install/ros2_bridge_support_pkg/share/ros2_bridge_support_pkg/cmake/ament_cmake_export_libraries-extras.cmake
[7.845s] -- Installing: /root/simple_bridge/ws_ros2/install/ros2_bridge_support_pkg/share/ros2_bridge_support_pkg/cmake/ament_cmake_export_targets-extras.cmake
[7.845s] -- Installing: /root/simple_bridge/ws_ros2/install/ros2_bridge_support_pkg/share/ros2_bridge_support_pkg/cmake/ament_cmake_export_include_directories-extras.cmake
[7.845s] -- Installing: /root/simple_bridge/ws_ros2/install/ros2_bridge_support_pkg/share/ros2_bridge_support_pkg/cmake/rosidl_cmake_export_typesupport_libraries-extras.cmake
[7.845s] -- Installing: /root/simple_bridge/ws_ros2/install/ros2_bridge_support_pkg/share/ros2_bridge_support_pkg/cmake/rosidl_cmake_export_typesupport_targets-extras.cmake
[7.845s] -- Installing: /root/simple_bridge/ws_ros2/install/ros2_bridge_support_pkg/share/ros2_bridge_support_pkg/cmake/ros2_bridge_support_pkgConfig.cmake
[7.845s] -- Installing: /root/simple_bridge/ws_ros2/install/ros2_bridge_support_pkg/share/ros2_bridge_support_pkg/cmake/ros2_bridge_support_pkgConfig-version.cmake
[7.846s] -- Installing: /root/simple_bridge/ws_ros2/install/ros2_bridge_support_pkg/share/ros2_bridge_support_pkg/package.xml
[7.848s] Invoked command in '/root/simple_bridge/ws_ros2/build/ros2_bridge_support_pkg' returned '0': CMAKE_PREFIX_PATH=${CMAKE_PREFIX_PATH}:/opt/ros/foxy /usr/bin/cmake --install /root/simple_bridge/ws_ros2/build/ros2_bridge_support_pkg
