-- The C compiler identification is GNU 9.3.0
-- The CXX compiler identification is GNU 9.3.0
-- Check for working C compiler: /usr/bin/cc
-- Check for working C compiler: /usr/bin/cc -- works
-- Detecting C compiler ABI info
-- Detecting C compiler ABI info - done
-- Detecting C compile features
-- Detecting C compile features - done
-- Check for working CXX compiler: /usr/bin/c++
-- Check for working CXX compiler: /usr/bin/c++ -- works
-- Detecting CXX compiler ABI info
-- Detecting CXX compiler ABI info - done
-- Detecting CXX compile features
-- Detecting CXX compile features - done
-- Found ament_cmake: 0.9.9 (/opt/ros/foxy/share/ament_cmake/cmake)
-- Found PythonInterp: /usr/bin/python3 (found suitable version "3.8.10", minimum required is "3") 
-- Using PYTHON_EXECUTABLE: /usr/bin/python3
-- Found rclcpp: 2.4.0 (/opt/ros/foxy/share/rclcpp/cmake)
-- Using all available rosidl_typesupport_c: rosidl_typesupport_fastrtps_c;rosidl_typesupport_introspection_c
-- Found rosidl_adapter: 1.2.1 (/opt/ros/foxy/share/rosidl_adapter/cmake)
-- Found OpenSSL: /usr/lib/x86_64-linux-gnu/libcrypto.so (found version "1.1.1f")  
-- Found FastRTPS: /opt/ros/foxy/include  
-- Using all available rosidl_typesupport_cpp: rosidl_typesupport_fastrtps_cpp;rosidl_typesupport_introspection_cpp
-- Found rmw_implementation_cmake: 1.0.3 (/opt/ros/foxy/share/rmw_implementation_cmake/cmake)
-- Using RMW implementation 'rmw_fastrtps_cpp' as default
-- Looking for pthread.h
-- Looking for pthread.h - found
-- Performing Test CMAKE_HAVE_LIBC_PTHREAD
-- Performing Test CMAKE_HAVE_LIBC_PTHREAD - Failed
-- Looking for pthread_create in pthreads
-- Looking for pthread_create in pthreads - not found
-- Looking for pthread_create in pthread
-- Looking for pthread_create in pthread - found
-- Found Threads: TRUE  
-- Found ros2_bridge_support_pkg: 0.0.0 (/root/simple_bridge/ws_ros2/install/ros2_bridge_support_pkg/share/ros2_bridge_support_pkg/cmake)
-- Found ament_lint_auto: 0.9.6 (/opt/ros/foxy/share/ament_lint_auto/cmake)
-- Added test 'copyright' to check source files copyright and LICENSE
-- Added test 'cppcheck' to perform static code analysis on C / C++ code
-- Configured cppcheck include dirs: 
-- Configured cppcheck exclude dirs and/or files: 
-- Added test 'cpplint' to check C / C++ code against the Google style
-- Configured cpplint exclude dirs and/or files: 
-- Added test 'lint_cmake' to check CMake code style
-- Added test 'uncrustify' to check C / C++ code style
-- Configured uncrustify additional arguments: 
-- Added test 'xmllint' to check XML markup files
-- Configuring done
-- Generating done
-- Build files have been written to: /root/simple_bridge/ws_ros2/build/my_custom_sender
[35m[1mScanning dependencies of target ros2_sender[0m
[ 50%] [32mBuilding CXX object CMakeFiles/ros2_sender.dir/src/ros2_sender.cpp.o[0m
[100%] [32m[1mLinking CXX executable ros2_sender[0m
[100%] Built target ros2_sender
-- Install configuration: ""
-- Installing: /root/simple_bridge/ws_ros2/install/my_custom_sender/lib/my_custom_sender/ros2_sender
-- Set runtime path of "/root/simple_bridge/ws_ros2/install/my_custom_sender/lib/my_custom_sender/ros2_sender" to ""
-- Installing: /root/simple_bridge/ws_ros2/install/my_custom_sender/share/ament_index/resource_index/package_run_dependencies/my_custom_sender
-- Installing: /root/simple_bridge/ws_ros2/install/my_custom_sender/share/ament_index/resource_index/parent_prefix_path/my_custom_sender
-- Installing: /root/simple_bridge/ws_ros2/install/my_custom_sender/share/my_custom_sender/environment/ament_prefix_path.sh
-- Installing: /root/simple_bridge/ws_ros2/install/my_custom_sender/share/my_custom_sender/environment/ament_prefix_path.dsv
-- Installing: /root/simple_bridge/ws_ros2/install/my_custom_sender/share/my_custom_sender/environment/path.sh
-- Installing: /root/simple_bridge/ws_ros2/install/my_custom_sender/share/my_custom_sender/environment/path.dsv
-- Installing: /root/simple_bridge/ws_ros2/install/my_custom_sender/share/my_custom_sender/local_setup.bash
-- Installing: /root/simple_bridge/ws_ros2/install/my_custom_sender/share/my_custom_sender/local_setup.sh
-- Installing: /root/simple_bridge/ws_ros2/install/my_custom_sender/share/my_custom_sender/local_setup.zsh
-- Installing: /root/simple_bridge/ws_ros2/install/my_custom_sender/share/my_custom_sender/local_setup.dsv
-- Installing: /root/simple_bridge/ws_ros2/install/my_custom_sender/share/my_custom_sender/package.dsv
-- Installing: /root/simple_bridge/ws_ros2/install/my_custom_sender/share/ament_index/resource_index/packages/my_custom_sender
-- Installing: /root/simple_bridge/ws_ros2/install/my_custom_sender/share/my_custom_sender/cmake/my_custom_senderConfig.cmake
-- Installing: /root/simple_bridge/ws_ros2/install/my_custom_sender/share/my_custom_sender/cmake/my_custom_senderConfig-version.cmake
-- Installing: /root/simple_bridge/ws_ros2/install/my_custom_sender/share/my_custom_sender/package.xml
