[0.131s] DEBUG:colcon:Command line arguments: ['/usr/bin/colcon', 'build', '--packages-select', 'ros2_bridge_support_pkg']
[0.131s] DEBUG:colcon:Parsed command line arguments: Namespace(allow_overriding=[], ament_cmake_args=None, base_paths=['.'], build_base='build', catkin_cmake_args=None, catkin_skip_building_tests=False, cmake_args=None, cmake_clean_cache=False, cmake_clean_first=False, cmake_force_configure=False, cmake_target=None, cmake_target_skip_unavailable=False, continue_on_error=False, event_handlers=None, executor='parallel', ignore_user_meta=False, install_base='install', log_base=None, log_level=None, main=<bound method BuildVerb.main of <colcon_core.verb.build.BuildVerb object at 0x7f58698b5880>>, merge_install=False, metas=['./colcon.meta'], packages_above=None, packages_above_and_dependencies=None, packages_above_depth=None, packages_end=None, packages_ignore=None, packages_ignore_regex=None, packages_select=['ros2_bridge_support_pkg'], packages_select_build_failed=False, packages_select_by_dep=None, packages_select_regex=None, packages_select_test_failures=False, packages_skip=None, packages_skip_build_finished=False, packages_skip_by_dep=None, packages_skip_regex=None, packages_skip_test_passed=False, packages_skip_up_to=None, packages_start=None, packages_up_to=None, packages_up_to_regex=None, parallel_workers=12, paths=None, symlink_install=False, test_result_base=None, verb_extension=<colcon_core.verb.build.BuildVerb object at 0x7f58698b5880>, verb_name='build', verb_parser=<colcon_defaults.argument_parser.defaults.DefaultArgumentsDecorator object at 0x7f58698b5df0>)
[0.136s] Level 1:colcon.colcon_core.package_discovery:discover_packages(colcon_meta) check parameters
[0.136s] Level 1:colcon.colcon_core.package_discovery:discover_packages(recursive) check parameters
[0.136s] Level 1:colcon.colcon_core.package_discovery:discover_packages(ignore) check parameters
[0.136s] Level 1:colcon.colcon_core.package_discovery:discover_packages(path) check parameters
[0.136s] Level 1:colcon.colcon_core.package_discovery:discover_packages(colcon_meta) discover
[0.136s] Level 1:colcon.colcon_core.package_discovery:discover_packages(recursive) discover
[0.136s] INFO:colcon.colcon_core.package_discovery:Crawling recursively for packages in '/root/simple_bridge/ws_ros2'
[0.136s] Level 1:colcon.colcon_core.package_identification:_identify(.) by extensions ['ignore', 'ignore_ament_install']
[0.136s] Level 1:colcon.colcon_core.package_identification:_identify(.) by extension 'ignore'
[0.136s] Level 1:colcon.colcon_core.package_identification:_identify(.) by extension 'ignore_ament_install'
[0.136s] Level 1:colcon.colcon_core.package_identification:_identify(.) by extensions ['colcon_pkg']
[0.136s] Level 1:colcon.colcon_core.package_identification:_identify(.) by extension 'colcon_pkg'
[0.136s] Level 1:colcon.colcon_core.package_identification:_identify(.) by extensions ['colcon_meta']
[0.136s] Level 1:colcon.colcon_core.package_identification:_identify(.) by extension 'colcon_meta'
[0.136s] Level 1:colcon.colcon_core.package_identification:_identify(.) by extensions ['ros']
[0.136s] Level 1:colcon.colcon_core.package_identification:_identify(.) by extension 'ros'
[0.145s] Level 1:colcon.colcon_core.package_identification:_identify(.) by extensions ['cmake', 'python']
[0.145s] Level 1:colcon.colcon_core.package_identification:_identify(.) by extension 'cmake'
[0.145s] Level 1:colcon.colcon_core.package_identification:_identify(.) by extension 'python'
[0.145s] Level 1:colcon.colcon_core.package_identification:_identify(.) by extensions ['python_setup_py']
[0.145s] Level 1:colcon.colcon_core.package_identification:_identify(.) by extension 'python_setup_py'
[0.145s] Level 1:colcon.colcon_core.package_identification:_identify(build) by extensions ['ignore', 'ignore_ament_install']
[0.146s] Level 1:colcon.colcon_core.package_identification:_identify(build) by extension 'ignore'
[0.146s] Level 1:colcon.colcon_core.package_identification:_identify(build) ignored
[0.146s] Level 1:colcon.colcon_core.package_identification:_identify(install) by extensions ['ignore', 'ignore_ament_install']
[0.146s] Level 1:colcon.colcon_core.package_identification:_identify(install) by extension 'ignore'
[0.146s] Level 1:colcon.colcon_core.package_identification:_identify(install) ignored
[0.146s] Level 1:colcon.colcon_core.package_identification:_identify(log) by extensions ['ignore', 'ignore_ament_install']
[0.146s] Level 1:colcon.colcon_core.package_identification:_identify(log) by extension 'ignore'
[0.146s] Level 1:colcon.colcon_core.package_identification:_identify(log) ignored
[0.146s] Level 1:colcon.colcon_core.package_identification:_identify(src) by extensions ['ignore', 'ignore_ament_install']
[0.146s] Level 1:colcon.colcon_core.package_identification:_identify(src) by extension 'ignore'
[0.146s] Level 1:colcon.colcon_core.package_identification:_identify(src) by extension 'ignore_ament_install'
[0.146s] Level 1:colcon.colcon_core.package_identification:_identify(src) by extensions ['colcon_pkg']
[0.146s] Level 1:colcon.colcon_core.package_identification:_identify(src) by extension 'colcon_pkg'
[0.146s] Level 1:colcon.colcon_core.package_identification:_identify(src) by extensions ['colcon_meta']
[0.146s] Level 1:colcon.colcon_core.package_identification:_identify(src) by extension 'colcon_meta'
[0.146s] Level 1:colcon.colcon_core.package_identification:_identify(src) by extensions ['ros']
[0.146s] Level 1:colcon.colcon_core.package_identification:_identify(src) by extension 'ros'
[0.146s] Level 1:colcon.colcon_core.package_identification:_identify(src) by extensions ['cmake', 'python']
[0.147s] Level 1:colcon.colcon_core.package_identification:_identify(src) by extension 'cmake'
[0.147s] Level 1:colcon.colcon_core.package_identification:_identify(src) by extension 'python'
[0.147s] Level 1:colcon.colcon_core.package_identification:_identify(src) by extensions ['python_setup_py']
[0.147s] Level 1:colcon.colcon_core.package_identification:_identify(src) by extension 'python_setup_py'
[0.147s] Level 1:colcon.colcon_core.package_identification:_identify(src/my_custom_sender) by extensions ['ignore', 'ignore_ament_install']
[0.147s] Level 1:colcon.colcon_core.package_identification:_identify(src/my_custom_sender) by extension 'ignore'
[0.147s] Level 1:colcon.colcon_core.package_identification:_identify(src/my_custom_sender) by extension 'ignore_ament_install'
[0.147s] Level 1:colcon.colcon_core.package_identification:_identify(src/my_custom_sender) by extensions ['colcon_pkg']
[0.147s] Level 1:colcon.colcon_core.package_identification:_identify(src/my_custom_sender) by extension 'colcon_pkg'
[0.147s] Level 1:colcon.colcon_core.package_identification:_identify(src/my_custom_sender) by extensions ['colcon_meta']
[0.147s] Level 1:colcon.colcon_core.package_identification:_identify(src/my_custom_sender) by extension 'colcon_meta'
[0.147s] Level 1:colcon.colcon_core.package_identification:_identify(src/my_custom_sender) by extensions ['ros']
[0.147s] Level 1:colcon.colcon_core.package_identification:_identify(src/my_custom_sender) by extension 'ros'
[0.149s] DEBUG:colcon.colcon_core.package_identification:Package 'src/my_custom_sender' with type 'ros.ament_cmake' and name 'my_custom_sender'
[0.149s] Level 1:colcon.colcon_core.package_identification:_identify(src/ros2_bridge_support_pkg) by extensions ['ignore', 'ignore_ament_install']
[0.149s] Level 1:colcon.colcon_core.package_identification:_identify(src/ros2_bridge_support_pkg) by extension 'ignore'
[0.149s] Level 1:colcon.colcon_core.package_identification:_identify(src/ros2_bridge_support_pkg) by extension 'ignore_ament_install'
[0.149s] Level 1:colcon.colcon_core.package_identification:_identify(src/ros2_bridge_support_pkg) by extensions ['colcon_pkg']
[0.149s] Level 1:colcon.colcon_core.package_identification:_identify(src/ros2_bridge_support_pkg) by extension 'colcon_pkg'
[0.149s] Level 1:colcon.colcon_core.package_identification:_identify(src/ros2_bridge_support_pkg) by extensions ['colcon_meta']
[0.149s] Level 1:colcon.colcon_core.package_identification:_identify(src/ros2_bridge_support_pkg) by extension 'colcon_meta'
[0.150s] Level 1:colcon.colcon_core.package_identification:_identify(src/ros2_bridge_support_pkg) by extensions ['ros']
[0.150s] Level 1:colcon.colcon_core.package_identification:_identify(src/ros2_bridge_support_pkg) by extension 'ros'
[0.150s] DEBUG:colcon.colcon_core.package_identification:Package 'src/ros2_bridge_support_pkg' with type 'ros.ament_cmake' and name 'ros2_bridge_support_pkg'
[0.150s] Level 1:colcon.colcon_core.package_discovery:discover_packages(recursive) using defaults
[0.150s] Level 1:colcon.colcon_core.package_discovery:discover_packages(ignore) discover
[0.150s] Level 1:colcon.colcon_core.package_discovery:discover_packages(ignore) using defaults
[0.150s] Level 1:colcon.colcon_core.package_discovery:discover_packages(path) discover
[0.150s] Level 1:colcon.colcon_core.package_discovery:discover_packages(path) using defaults
[0.165s] INFO:colcon.colcon_core.package_selection:Skipping not selected package 'my_custom_sender' in 'src/my_custom_sender'
[0.165s] Level 5:colcon.colcon_core.verb:set package 'ros2_bridge_support_pkg' build argument 'cmake_args' from command line to 'None'
[0.166s] Level 5:colcon.colcon_core.verb:set package 'ros2_bridge_support_pkg' build argument 'cmake_target' from command line to 'None'
[0.166s] Level 5:colcon.colcon_core.verb:set package 'ros2_bridge_support_pkg' build argument 'cmake_target_skip_unavailable' from command line to 'False'
[0.166s] Level 5:colcon.colcon_core.verb:set package 'ros2_bridge_support_pkg' build argument 'cmake_clean_cache' from command line to 'False'
[0.166s] Level 5:colcon.colcon_core.verb:set package 'ros2_bridge_support_pkg' build argument 'cmake_clean_first' from command line to 'False'
[0.166s] Level 5:colcon.colcon_core.verb:set package 'ros2_bridge_support_pkg' build argument 'cmake_force_configure' from command line to 'False'
[0.166s] Level 5:colcon.colcon_core.verb:set package 'ros2_bridge_support_pkg' build argument 'ament_cmake_args' from command line to 'None'
[0.166s] Level 5:colcon.colcon_core.verb:set package 'ros2_bridge_support_pkg' build argument 'catkin_cmake_args' from command line to 'None'
[0.166s] Level 5:colcon.colcon_core.verb:set package 'ros2_bridge_support_pkg' build argument 'catkin_skip_building_tests' from command line to 'False'
[0.166s] DEBUG:colcon.colcon_core.verb:Building package 'ros2_bridge_support_pkg' with the following arguments: {'ament_cmake_args': None, 'build_base': '/root/simple_bridge/ws_ros2/build/ros2_bridge_support_pkg', 'catkin_cmake_args': None, 'catkin_skip_building_tests': False, 'cmake_args': None, 'cmake_clean_cache': False, 'cmake_clean_first': False, 'cmake_force_configure': False, 'cmake_target': None, 'cmake_target_skip_unavailable': False, 'install_base': '/root/simple_bridge/ws_ros2/install/ros2_bridge_support_pkg', 'merge_install': False, 'path': '/root/simple_bridge/ws_ros2/src/ros2_bridge_support_pkg', 'symlink_install': False, 'test_result_base': None}
[0.167s] WARNING:colcon.colcon_ros.prefix_path.ament:The path '/root/simple_bridge/ws_ros2/install/my_custom_sender' in the environment variable AMENT_PREFIX_PATH doesn't exist
[0.167s] WARNING:colcon.colcon_ros.prefix_path.ament:The path '/root/simple_bridge/ws_ros2/install/ros2_bridge_support_pkg' in the environment variable AMENT_PREFIX_PATH doesn't exist
[0.167s] WARNING:colcon.colcon_ros.prefix_path.catkin:The path '/root/simple_bridge/ws_ros2/install/my_custom_sender' in the environment variable CMAKE_PREFIX_PATH doesn't exist
[0.167s] WARNING:colcon.colcon_ros.prefix_path.catkin:The path '/root/simple_bridge/ws_ros2/install/ros2_bridge_support_pkg' in the environment variable CMAKE_PREFIX_PATH doesn't exist
[0.169s] INFO:colcon.colcon_core.executor:Executing jobs using 'parallel' executor
[0.171s] DEBUG:colcon.colcon_parallel_executor.executor.parallel:run_until_complete
[0.171s] INFO:colcon.colcon_ros.task.ament_cmake.build:Building ROS package in '/root/simple_bridge/ws_ros2/src/ros2_bridge_support_pkg' with build type 'ament_cmake'
[0.171s] INFO:colcon.colcon_cmake.task.cmake.build:Building CMake package in '/root/simple_bridge/ws_ros2/src/ros2_bridge_support_pkg'
[0.174s] INFO:colcon.colcon_core.plugin_system:Skipping extension 'colcon_core.shell.bat': Not used on non-Windows systems
[0.175s] INFO:colcon.colcon_core.shell:Skip shell extension 'powershell' for command environment: Not usable outside of PowerShell
[0.175s] DEBUG:colcon.colcon_core.shell:Skip shell extension 'dsv' for command environment
[0.183s] DEBUG:colcon.colcon_core.event_handler.log_command:Invoking command in '/root/simple_bridge/ws_ros2/build/ros2_bridge_support_pkg': CMAKE_PREFIX_PATH=${CMAKE_PREFIX_PATH}:/opt/ros/foxy /usr/bin/cmake /root/simple_bridge/ws_ros2/src/ros2_bridge_support_pkg -DCMAKE_INSTALL_PREFIX=/root/simple_bridge/ws_ros2/install/ros2_bridge_support_pkg
[2.043s] DEBUG:colcon.colcon_core.event_handler.log_command:Invoked command in '/root/simple_bridge/ws_ros2/build/ros2_bridge_support_pkg' returned '0': CMAKE_PREFIX_PATH=${CMAKE_PREFIX_PATH}:/opt/ros/foxy /usr/bin/cmake /root/simple_bridge/ws_ros2/src/ros2_bridge_support_pkg -DCMAKE_INSTALL_PREFIX=/root/simple_bridge/ws_ros2/install/ros2_bridge_support_pkg
[2.046s] DEBUG:colcon.colcon_core.event_handler.log_command:Invoking command in '/root/simple_bridge/ws_ros2/build/ros2_bridge_support_pkg': CMAKE_PREFIX_PATH=${CMAKE_PREFIX_PATH}:/opt/ros/foxy /usr/bin/cmake --build /root/simple_bridge/ws_ros2/build/ros2_bridge_support_pkg -- -j12 -l12
[7.919s] DEBUG:colcon.colcon_core.event_handler.log_command:Invoked command in '/root/simple_bridge/ws_ros2/build/ros2_bridge_support_pkg' returned '0': CMAKE_PREFIX_PATH=${CMAKE_PREFIX_PATH}:/opt/ros/foxy /usr/bin/cmake --build /root/simple_bridge/ws_ros2/build/ros2_bridge_support_pkg -- -j12 -l12
[7.971s] DEBUG:colcon.colcon_core.event_handler.log_command:Invoking command in '/root/simple_bridge/ws_ros2/build/ros2_bridge_support_pkg': CMAKE_PREFIX_PATH=${CMAKE_PREFIX_PATH}:/opt/ros/foxy /usr/bin/cmake --install /root/simple_bridge/ws_ros2/build/ros2_bridge_support_pkg
[8.038s] Level 1:colcon.colcon_core.environment:create_environment_scripts_only(ros2_bridge_support_pkg)
[8.039s] DEBUG:colcon.colcon_core.event_handler.log_command:Invoked command in '/root/simple_bridge/ws_ros2/build/ros2_bridge_support_pkg' returned '0': CMAKE_PREFIX_PATH=${CMAKE_PREFIX_PATH}:/opt/ros/foxy /usr/bin/cmake --install /root/simple_bridge/ws_ros2/build/ros2_bridge_support_pkg
[8.042s] Level 1:colcon.colcon_core.environment:checking '/root/simple_bridge/ws_ros2/install/ros2_bridge_support_pkg' for CMake module files
[8.043s] Level 1:colcon.colcon_core.environment:checking '/root/simple_bridge/ws_ros2/install/ros2_bridge_support_pkg' for CMake config files
[8.044s] Level 1:colcon.colcon_core.shell:create_environment_hook('ros2_bridge_support_pkg', 'cmake_prefix_path')
[8.044s] INFO:colcon.colcon_core.shell:Creating environment hook '/root/simple_bridge/ws_ros2/install/ros2_bridge_support_pkg/share/ros2_bridge_support_pkg/hook/cmake_prefix_path.ps1'
[8.045s] INFO:colcon.colcon_core.shell:Creating environment descriptor '/root/simple_bridge/ws_ros2/install/ros2_bridge_support_pkg/share/ros2_bridge_support_pkg/hook/cmake_prefix_path.dsv'
[8.045s] INFO:colcon.colcon_core.shell:Creating environment hook '/root/simple_bridge/ws_ros2/install/ros2_bridge_support_pkg/share/ros2_bridge_support_pkg/hook/cmake_prefix_path.sh'
[8.046s] Level 1:colcon.colcon_core.environment:checking '/root/simple_bridge/ws_ros2/install/ros2_bridge_support_pkg/lib'
[8.046s] Level 1:colcon.colcon_core.shell:create_environment_hook('ros2_bridge_support_pkg', 'ld_library_path_lib')
[8.047s] INFO:colcon.colcon_core.shell:Creating environment hook '/root/simple_bridge/ws_ros2/install/ros2_bridge_support_pkg/share/ros2_bridge_support_pkg/hook/ld_library_path_lib.ps1'
[8.047s] INFO:colcon.colcon_core.shell:Creating environment descriptor '/root/simple_bridge/ws_ros2/install/ros2_bridge_support_pkg/share/ros2_bridge_support_pkg/hook/ld_library_path_lib.dsv'
[8.047s] INFO:colcon.colcon_core.shell:Creating environment hook '/root/simple_bridge/ws_ros2/install/ros2_bridge_support_pkg/share/ros2_bridge_support_pkg/hook/ld_library_path_lib.sh'
[8.048s] Level 1:colcon.colcon_core.environment:checking '/root/simple_bridge/ws_ros2/install/ros2_bridge_support_pkg/bin'
[8.048s] Level 1:colcon.colcon_core.environment:checking '/root/simple_bridge/ws_ros2/install/ros2_bridge_support_pkg/lib/pkgconfig/ros2_bridge_support_pkg.pc'
[8.048s] Level 1:colcon.colcon_core.environment:checking '/root/simple_bridge/ws_ros2/install/ros2_bridge_support_pkg/lib/python3.8/site-packages'
[8.048s] Level 1:colcon.colcon_core.shell:create_environment_hook('ros2_bridge_support_pkg', 'pythonpath')
[8.048s] INFO:colcon.colcon_core.shell:Creating environment hook '/root/simple_bridge/ws_ros2/install/ros2_bridge_support_pkg/share/ros2_bridge_support_pkg/hook/pythonpath.ps1'
[8.049s] INFO:colcon.colcon_core.shell:Creating environment descriptor '/root/simple_bridge/ws_ros2/install/ros2_bridge_support_pkg/share/ros2_bridge_support_pkg/hook/pythonpath.dsv'
[8.049s] INFO:colcon.colcon_core.shell:Creating environment hook '/root/simple_bridge/ws_ros2/install/ros2_bridge_support_pkg/share/ros2_bridge_support_pkg/hook/pythonpath.sh'
[8.050s] INFO:colcon.colcon_core.shell:Creating package script '/root/simple_bridge/ws_ros2/install/ros2_bridge_support_pkg/share/ros2_bridge_support_pkg/package.ps1'
[8.051s] INFO:colcon.colcon_core.shell:Creating package descriptor '/root/simple_bridge/ws_ros2/install/ros2_bridge_support_pkg/share/ros2_bridge_support_pkg/package.dsv'
[8.051s] INFO:colcon.colcon_core.shell:Creating package script '/root/simple_bridge/ws_ros2/install/ros2_bridge_support_pkg/share/ros2_bridge_support_pkg/package.sh'
[8.052s] INFO:colcon.colcon_core.shell:Creating package script '/root/simple_bridge/ws_ros2/install/ros2_bridge_support_pkg/share/ros2_bridge_support_pkg/package.bash'
[8.053s] INFO:colcon.colcon_core.shell:Creating package script '/root/simple_bridge/ws_ros2/install/ros2_bridge_support_pkg/share/ros2_bridge_support_pkg/package.zsh'
[8.053s] Level 1:colcon.colcon_core.environment:create_file_with_runtime_dependencies(/root/simple_bridge/ws_ros2/install/ros2_bridge_support_pkg/share/colcon-core/packages/ros2_bridge_support_pkg)
[8.100s] Level 1:colcon.colcon_core.environment:create_environment_scripts_only(ros2_bridge_support_pkg)
[8.101s] Level 1:colcon.colcon_core.environment:checking '/root/simple_bridge/ws_ros2/install/ros2_bridge_support_pkg' for CMake module files
[8.102s] Level 1:colcon.colcon_core.environment:checking '/root/simple_bridge/ws_ros2/install/ros2_bridge_support_pkg' for CMake config files
[8.102s] Level 1:colcon.colcon_core.shell:create_environment_hook('ros2_bridge_support_pkg', 'cmake_prefix_path')
[8.103s] INFO:colcon.colcon_core.shell:Creating environment hook '/root/simple_bridge/ws_ros2/install/ros2_bridge_support_pkg/share/ros2_bridge_support_pkg/hook/cmake_prefix_path.ps1'
[8.103s] INFO:colcon.colcon_core.shell:Creating environment descriptor '/root/simple_bridge/ws_ros2/install/ros2_bridge_support_pkg/share/ros2_bridge_support_pkg/hook/cmake_prefix_path.dsv'
[8.103s] INFO:colcon.colcon_core.shell:Creating environment hook '/root/simple_bridge/ws_ros2/install/ros2_bridge_support_pkg/share/ros2_bridge_support_pkg/hook/cmake_prefix_path.sh'
[8.104s] Level 1:colcon.colcon_core.environment:checking '/root/simple_bridge/ws_ros2/install/ros2_bridge_support_pkg/lib'
[8.104s] Level 1:colcon.colcon_core.shell:create_environment_hook('ros2_bridge_support_pkg', 'ld_library_path_lib')
[8.104s] INFO:colcon.colcon_core.shell:Creating environment hook '/root/simple_bridge/ws_ros2/install/ros2_bridge_support_pkg/share/ros2_bridge_support_pkg/hook/ld_library_path_lib.ps1'
[8.105s] INFO:colcon.colcon_core.shell:Creating environment descriptor '/root/simple_bridge/ws_ros2/install/ros2_bridge_support_pkg/share/ros2_bridge_support_pkg/hook/ld_library_path_lib.dsv'
[8.105s] INFO:colcon.colcon_core.shell:Creating environment hook '/root/simple_bridge/ws_ros2/install/ros2_bridge_support_pkg/share/ros2_bridge_support_pkg/hook/ld_library_path_lib.sh'
[8.105s] Level 1:colcon.colcon_core.environment:checking '/root/simple_bridge/ws_ros2/install/ros2_bridge_support_pkg/bin'
[8.105s] Level 1:colcon.colcon_core.environment:checking '/root/simple_bridge/ws_ros2/install/ros2_bridge_support_pkg/lib/pkgconfig/ros2_bridge_support_pkg.pc'
[8.106s] Level 1:colcon.colcon_core.environment:checking '/root/simple_bridge/ws_ros2/install/ros2_bridge_support_pkg/lib/python3.8/site-packages'
[8.106s] Level 1:colcon.colcon_core.shell:create_environment_hook('ros2_bridge_support_pkg', 'pythonpath')
[8.106s] INFO:colcon.colcon_core.shell:Creating environment hook '/root/simple_bridge/ws_ros2/install/ros2_bridge_support_pkg/share/ros2_bridge_support_pkg/hook/pythonpath.ps1'
[8.106s] INFO:colcon.colcon_core.shell:Creating environment descriptor '/root/simple_bridge/ws_ros2/install/ros2_bridge_support_pkg/share/ros2_bridge_support_pkg/hook/pythonpath.dsv'
[8.107s] INFO:colcon.colcon_core.shell:Creating environment hook '/root/simple_bridge/ws_ros2/install/ros2_bridge_support_pkg/share/ros2_bridge_support_pkg/hook/pythonpath.sh'
[8.108s] INFO:colcon.colcon_core.shell:Creating package script '/root/simple_bridge/ws_ros2/install/ros2_bridge_support_pkg/share/ros2_bridge_support_pkg/package.ps1'
[8.108s] INFO:colcon.colcon_core.shell:Creating package descriptor '/root/simple_bridge/ws_ros2/install/ros2_bridge_support_pkg/share/ros2_bridge_support_pkg/package.dsv'
[8.109s] INFO:colcon.colcon_core.shell:Creating package script '/root/simple_bridge/ws_ros2/install/ros2_bridge_support_pkg/share/ros2_bridge_support_pkg/package.sh'
[8.109s] INFO:colcon.colcon_core.shell:Creating package script '/root/simple_bridge/ws_ros2/install/ros2_bridge_support_pkg/share/ros2_bridge_support_pkg/package.bash'
[8.109s] INFO:colcon.colcon_core.shell:Creating package script '/root/simple_bridge/ws_ros2/install/ros2_bridge_support_pkg/share/ros2_bridge_support_pkg/package.zsh'
[8.110s] Level 1:colcon.colcon_core.environment:create_file_with_runtime_dependencies(/root/simple_bridge/ws_ros2/install/ros2_bridge_support_pkg/share/colcon-core/packages/ros2_bridge_support_pkg)
[8.110s] DEBUG:colcon.colcon_parallel_executor.executor.parallel:closing loop
[8.111s] DEBUG:colcon.colcon_parallel_executor.executor.parallel:loop closed
[8.111s] DEBUG:colcon.colcon_parallel_executor.executor.parallel:run_until_complete finished with '0'
[8.111s] DEBUG:colcon.colcon_core.event_reactor:joining thread
[8.116s] INFO:colcon.colcon_core.plugin_system:Skipping extension 'colcon_notification.desktop_notification.notify_send': Could not find 'notify-send'
[8.116s] INFO:colcon.colcon_core.plugin_system:Skipping extension 'colcon_notification.desktop_notification.terminal_notifier': Not used on non-Darwin systems
[8.116s] INFO:colcon.colcon_core.plugin_system:Skipping extension 'colcon_notification.desktop_notification.win32': Not used on non-Windows systems
[8.116s] INFO:colcon.colcon_notification.desktop_notification:Sending desktop notification using 'notify2'
[8.121s] DEBUG:colcon.colcon_notification.desktop_notification.notify2:Failed to initialize notify2: org.freedesktop.DBus.Error.ServiceUnknown: The name org.freedesktop.Notifications was not provided by any .service files
[8.121s] DEBUG:colcon.colcon_core.event_reactor:joined thread
[8.122s] INFO:colcon.colcon_core.shell:Creating prefix script '/root/simple_bridge/ws_ros2/install/local_setup.ps1'
[8.123s] INFO:colcon.colcon_core.shell:Creating prefix util module '/root/simple_bridge/ws_ros2/install/_local_setup_util_ps1.py'
[8.124s] INFO:colcon.colcon_core.shell:Creating prefix chain script '/root/simple_bridge/ws_ros2/install/setup.ps1'
[8.125s] INFO:colcon.colcon_core.shell:Creating prefix script '/root/simple_bridge/ws_ros2/install/local_setup.sh'
[8.126s] INFO:colcon.colcon_core.shell:Creating prefix util module '/root/simple_bridge/ws_ros2/install/_local_setup_util_sh.py'
[8.126s] INFO:colcon.colcon_core.shell:Creating prefix chain script '/root/simple_bridge/ws_ros2/install/setup.sh'
[8.127s] INFO:colcon.colcon_core.shell:Creating prefix script '/root/simple_bridge/ws_ros2/install/local_setup.bash'
[8.128s] INFO:colcon.colcon_core.shell:Creating prefix chain script '/root/simple_bridge/ws_ros2/install/setup.bash'
[8.129s] INFO:colcon.colcon_core.shell:Creating prefix script '/root/simple_bridge/ws_ros2/install/local_setup.zsh'
[8.129s] INFO:colcon.colcon_core.shell:Creating prefix chain script '/root/simple_bridge/ws_ros2/install/setup.zsh'
