[0.015s] Invoking command in '/root/simple_bridge/ws_ros2/build/my_custom_sender': CMAKE_PREFIX_PATH=/root/simple_bridge/ws_ros2/install/ros2_bridge_support_pkg:/root/simple_bridge/ws_ros2/install/my_custom_sender:/opt/ros/foxy /usr/bin/cmake /root/simple_bridge/ws_ros2/src/my_custom_sender -DCMAKE_INSTALL_PREFIX=/root/simple_bridge/ws_ros2/install/my_custom_sender
[0.056s] -- The C compiler identification is GNU 9.3.0
[0.096s] -- The CXX compiler identification is GNU 9.3.0
[0.099s] -- Check for working C compiler: /usr/bin/cc
[0.158s] -- Check for working C compiler: /usr/bin/cc -- works
[0.159s] -- Detecting C compiler ABI info
[0.210s] -- Detecting C compiler ABI info - done
[0.220s] -- Detecting C compile features
[0.221s] -- Detecting C compile features - done
[0.223s] -- Check for working CXX compiler: /usr/bin/c++
[0.284s] -- Check for working CXX compiler: /usr/bin/c++ -- works
[0.284s] -- Detecting CXX compiler ABI info
[0.343s] -- Detecting CXX compiler ABI info - done
[0.352s] -- Detecting CXX compile features
[0.352s] -- Detecting CXX compile features - done
[0.355s] -- Found ament_cmake: 0.9.9 (/opt/ros/foxy/share/ament_cmake/cmake)
[0.381s] -- Found PythonInterp: /usr/bin/python3 (found suitable version "3.8.10", minimum required is "3") 
[0.381s] -- Using PYTHON_EXECUTABLE: /usr/bin/python3
[0.599s] -- Found rclcpp: 2.4.0 (/opt/ros/foxy/share/rclcpp/cmake)
[0.649s] -- Using all available rosidl_typesupport_c: rosidl_typesupport_fastrtps_c;rosidl_typesupport_introspection_c
[0.657s] -- Found rosidl_adapter: 1.2.1 (/opt/ros/foxy/share/rosidl_adapter/cmake)
[0.726s] -- Found OpenSSL: /usr/lib/x86_64-linux-gnu/libcrypto.so (found version "1.1.1f")  
[0.755s] -- Found FastRTPS: /opt/ros/foxy/include  
[0.836s] -- Using all available rosidl_typesupport_cpp: rosidl_typesupport_fastrtps_cpp;rosidl_typesupport_introspection_cpp
[0.888s] -- Found rmw_implementation_cmake: 1.0.3 (/opt/ros/foxy/share/rmw_implementation_cmake/cmake)
[0.889s] -- Using RMW implementation 'rmw_fastrtps_cpp' as default
[0.890s] -- Looking for pthread.h
[0.945s] -- Looking for pthread.h - found
[0.946s] -- Performing Test CMAKE_HAVE_LIBC_PTHREAD
[0.998s] -- Performing Test CMAKE_HAVE_LIBC_PTHREAD - Failed
[0.998s] -- Looking for pthread_create in pthreads
[1.044s] -- Looking for pthread_create in pthreads - not found
[1.044s] -- Looking for pthread_create in pthread
[1.094s] -- Looking for pthread_create in pthread - found
[1.095s] -- Found Threads: TRUE  
[1.226s] -- Found ros2_bridge_support_pkg: 0.0.0 (/root/simple_bridge/ws_ros2/install/ros2_bridge_support_pkg/share/ros2_bridge_support_pkg/cmake)
[1.253s] -- Found ament_lint_auto: 0.9.6 (/opt/ros/foxy/share/ament_lint_auto/cmake)
[1.321s] -- Added test 'copyright' to check source files copyright and LICENSE
[1.322s] -- Added test 'cppcheck' to perform static code analysis on C / C++ code
[1.322s] -- Configured cppcheck include dirs: 
[1.322s] -- Configured cppcheck exclude dirs and/or files: 
[1.323s] -- Added test 'cpplint' to check C / C++ code against the Google style
[1.323s] -- Configured cpplint exclude dirs and/or files: 
[1.323s] -- Added test 'flake8' to check Python code syntax and style conventions
[1.324s] -- Added test 'lint_cmake' to check CMake code style
[1.325s] -- Added test 'pep257' to check Python code against some of the style conventions in PEP 257
[1.326s] -- Added test 'uncrustify' to check C / C++ code style
[1.326s] -- Configured uncrustify additional arguments: 
[1.327s] -- Added test 'xmllint' to check XML markup files
[1.329s] -- Configuring done
[1.337s] -- Generating done
[1.338s] -- Build files have been written to: /root/simple_bridge/ws_ros2/build/my_custom_sender
[1.343s] Invoked command in '/root/simple_bridge/ws_ros2/build/my_custom_sender' returned '0': CMAKE_PREFIX_PATH=/root/simple_bridge/ws_ros2/install/ros2_bridge_support_pkg:/root/simple_bridge/ws_ros2/install/my_custom_sender:/opt/ros/foxy /usr/bin/cmake /root/simple_bridge/ws_ros2/src/my_custom_sender -DCMAKE_INSTALL_PREFIX=/root/simple_bridge/ws_ros2/install/my_custom_sender
[1.346s] Invoking command in '/root/simple_bridge/ws_ros2/build/my_custom_sender': CMAKE_PREFIX_PATH=/root/simple_bridge/ws_ros2/install/ros2_bridge_support_pkg:/root/simple_bridge/ws_ros2/install/my_custom_sender:/opt/ros/foxy /usr/bin/cmake --build /root/simple_bridge/ws_ros2/build/my_custom_sender -- -j12 -l12
[1.376s] [35m[1mScanning dependencies of target ros2_sender[0m
[1.406s] [ 50%] [32mBuilding CXX object CMakeFiles/ros2_sender.dir/src/ros2_sender.cpp.o[0m
[3.706s] [100%] [32m[1mLinking CXX executable ros2_sender[0m
[3.832s] [100%] Built target ros2_sender
[3.841s] Invoked command in '/root/simple_bridge/ws_ros2/build/my_custom_sender' returned '0': CMAKE_PREFIX_PATH=/root/simple_bridge/ws_ros2/install/ros2_bridge_support_pkg:/root/simple_bridge/ws_ros2/install/my_custom_sender:/opt/ros/foxy /usr/bin/cmake --build /root/simple_bridge/ws_ros2/build/my_custom_sender -- -j12 -l12
[3.870s] Invoking command in '/root/simple_bridge/ws_ros2/build/my_custom_sender': CMAKE_PREFIX_PATH=/root/simple_bridge/ws_ros2/install/ros2_bridge_support_pkg:/root/simple_bridge/ws_ros2/install/my_custom_sender:/opt/ros/foxy /usr/bin/cmake --install /root/simple_bridge/ws_ros2/build/my_custom_sender
[3.877s] -- Install configuration: ""
[3.877s] -- Installing: /root/simple_bridge/ws_ros2/install/my_custom_sender/share/my_custom_sender/launch
[3.877s] -- Installing: /root/simple_bridge/ws_ros2/install/my_custom_sender/share/my_custom_sender/launch/run_single_topic_test.py
[3.877s] -- Installing: /root/simple_bridge/ws_ros2/install/my_custom_sender/lib/my_custom_sender/ros2_sender
[3.878s] -- Set runtime path of "/root/simple_bridge/ws_ros2/install/my_custom_sender/lib/my_custom_sender/ros2_sender" to ""
[3.878s] -- Installing: /root/simple_bridge/ws_ros2/install/my_custom_sender/share/ament_index/resource_index/package_run_dependencies/my_custom_sender
[3.878s] -- Installing: /root/simple_bridge/ws_ros2/install/my_custom_sender/share/ament_index/resource_index/parent_prefix_path/my_custom_sender
[3.879s] -- Installing: /root/simple_bridge/ws_ros2/install/my_custom_sender/share/my_custom_sender/environment/ament_prefix_path.sh
[3.879s] -- Installing: /root/simple_bridge/ws_ros2/install/my_custom_sender/share/my_custom_sender/environment/ament_prefix_path.dsv
[3.879s] -- Installing: /root/simple_bridge/ws_ros2/install/my_custom_sender/share/my_custom_sender/environment/path.sh
[3.880s] -- Installing: /root/simple_bridge/ws_ros2/install/my_custom_sender/share/my_custom_sender/environment/path.dsv
[3.880s] -- Installing: /root/simple_bridge/ws_ros2/install/my_custom_sender/share/my_custom_sender/local_setup.bash
[3.880s] -- Installing: /root/simple_bridge/ws_ros2/install/my_custom_sender/share/my_custom_sender/local_setup.sh
[3.880s] -- Installing: /root/simple_bridge/ws_ros2/install/my_custom_sender/share/my_custom_sender/local_setup.zsh
[3.881s] -- Installing: /root/simple_bridge/ws_ros2/install/my_custom_sender/share/my_custom_sender/local_setup.dsv
[3.881s] -- Installing: /root/simple_bridge/ws_ros2/install/my_custom_sender/share/my_custom_sender/package.dsv
[3.881s] -- Installing: /root/simple_bridge/ws_ros2/install/my_custom_sender/share/ament_index/resource_index/packages/my_custom_sender
[3.881s] -- Installing: /root/simple_bridge/ws_ros2/install/my_custom_sender/share/my_custom_sender/cmake/my_custom_senderConfig.cmake
[3.881s] -- Installing: /root/simple_bridge/ws_ros2/install/my_custom_sender/share/my_custom_sender/cmake/my_custom_senderConfig-version.cmake
[3.881s] -- Installing: /root/simple_bridge/ws_ros2/install/my_custom_sender/share/my_custom_sender/package.xml
[3.883s] Invoked command in '/root/simple_bridge/ws_ros2/build/my_custom_sender' returned '0': CMAKE_PREFIX_PATH=/root/simple_bridge/ws_ros2/install/ros2_bridge_support_pkg:/root/simple_bridge/ws_ros2/install/my_custom_sender:/opt/ros/foxy /usr/bin/cmake --install /root/simple_bridge/ws_ros2/build/my_custom_sender
